Time resolution is 1 ps
 Block Memory Generator module loading initial data...
 Block Memory Generator data initialization complete.
Block Memory Generator module circuito_tb.uut.instance_mems.instance_images.inst.\native_mem_module.blk_mem_gen_v8_4_6_inst  is using a behavioral model for simulation which will not precisely model memory collision behavior.
 Block Memory Generator module loading initial data...
 Block Memory Generator data initialization complete.
Block Memory Generator module circuito_tb.uut.instance_mems.instance_weights1.inst.\native_mem_module.blk_mem_gen_v8_4_6_inst  is using a behavioral model for simulation which will not precisely model memory collision behavior.
 Block Memory Generator module loading initial data...
 Block Memory Generator data initialization complete.
Block Memory Generator module circuito_tb.uut.instance_mems.instance_weights2.inst.\native_mem_module.blk_mem_gen_v8_4_6_inst  is using a behavioral model for simulation which will not precisely model memory collision behavior.
 Block Memory Generator module loading initial data...
 Block Memory Generator data initialization complete.
Block Memory Generator module circuito_tb.uut.instance_mems.instance_middle.inst.\native_mem_module.blk_mem_gen_v8_4_6_inst  is using a behavioral model for simulation which will not precisely model memory collision behavior.
 Block Memory Generator module loading initial data...
 Block Memory Generator data initialization complete.
Block Memory Generator module circuito_tb.uut.instance_mems.instance_images.inst.\native_mem_module.blk_mem_gen_v8_4_6_inst  is using a behavioral model for simulation which will not precisely model memory collision behavior.
 Block Memory Generator module loading initial data...
 Block Memory Generator data initialization complete.
Block Memory Generator module circuito_tb.uut.instance_mems.instance_weights1.inst.\native_mem_module.blk_mem_gen_v8_4_6_inst  is using a behavioral model for simulation which will not precisely model memory collision behavior.
 Block Memory Generator module loading initial data...
 Block Memory Generator data initialization complete.
Block Memory Generator module circuito_tb.uut.instance_mems.instance_weights2.inst.\native_mem_module.blk_mem_gen_v8_4_6_inst  is using a behavioral model for simulation which will not precisely model memory collision behavior.
 Block Memory Generator module loading initial data...
 Block Memory Generator data initialization complete.
Block Memory Generator module circuito_tb.uut.instance_mems.instance_middle.inst.\native_mem_module.blk_mem_gen_v8_4_6_inst  is using a behavioral model for simulation which will not precisely model memory collision behavior.
blk_mem_gen_v8_4_6 collision detected at time: 3465000, Instance: circuito_tb.uut.instance_mems.instance_middle.inst.\native_mem_module.blk_mem_gen_v8_4_6_inst , A write address: 1, B  read address: 1
blk_mem_gen_v8_4_6 WARNING: Address 50 is outside range for A Read
blk_mem_gen_v8_4_6 WARNING: Address 51 is outside range for B Read
blk_mem_gen_v8_4_6 WARNING: Address 50 is outside range for A Read
blk_mem_gen_v8_4_6 WARNING: Address 51 is outside range for B Read
blk_mem_gen_v8_4_6 WARNING: Address 50 is outside range for A Read
blk_mem_gen_v8_4_6 WARNING: Address 51 is outside range for B Read
blk_mem_gen_v8_4_6 WARNING: Address 50 is outside range for A Read
blk_mem_gen_v8_4_6 WARNING: Address 51 is outside range for B Read
blk_mem_gen_v8_4_6 WARNING: Address 51 is outside range for B Read
