
*** Running vivado
    with args -log weights1.vds -m64 -product Vivado -mode batch -messageDb vivado.pb -notrace -source weights1.tcl


ECHO is off.
ECHO is off.

****** Vivado v2023.1 (64-bit)
  **** SW Build 3865809 on Sun May  7 15:05:29 MDT 2023
  **** IP Build 3864474 on Sun May  7 20:36:21 MDT 2023
  **** SharedData Build 3865790 on Sun May 07 13:33:03 MDT 2023
    ** Copyright 1986-2022 Xilinx, Inc. All Rights Reserved.
    ** Copyright 2022-2023 Advanced Micro Devices, Inc. All Rights Reserved.

source weights1.tcl -notrace
create_project: Time (s): cpu = 00:00:08 ; elapsed = 00:00:08 . Memory (MB): peak = 481.387 ; gain = 200.312
INFO: [IP_Flow 19-6924] IPCACHE: Running cache check for IP inst: weights1
INFO: [IP_Flow 19-6922] IPCACHE: Exporting cached entry e0717da8079cb1c3 to dir: C:/Users/Francisco/OneDrive/rea de Trabalho/IST-PSD/Lab3/project_1.runs/weights1_synth_1
INFO: [IP_Flow 19-6928] IPCACHE: copied cached file c:/Users/Francisco/OneDrive/rea de Trabalho/IST-PSD/Lab3/project_1.cache/ip/2023.1/e/0/e0717da8079cb1c3/weights1.dcp to C:/Users/Francisco/OneDrive/rea de Trabalho/IST-PSD/Lab3/project_1.runs/weights1_synth_1/weights1.dcp.
INFO: [IP_Flow 19-6928] IPCACHE: copied cached file c:/Users/Francisco/OneDrive/rea de Trabalho/IST-PSD/Lab3/project_1.cache/ip/2023.1/e/0/e0717da8079cb1c3/weights1_sim_netlist.v to C:/Users/Francisco/OneDrive/rea de Trabalho/IST-PSD/Lab3/project_1.runs/weights1_synth_1/weights1_sim_netlist.v.
INFO: [IP_Flow 19-6928] IPCACHE: copied cached file c:/Users/Francisco/OneDrive/rea de Trabalho/IST-PSD/Lab3/project_1.cache/ip/2023.1/e/0/e0717da8079cb1c3/weights1_sim_netlist.vhdl to C:/Users/Francisco/OneDrive/rea de Trabalho/IST-PSD/Lab3/project_1.runs/weights1_synth_1/weights1_sim_netlist.vhdl.
INFO: [IP_Flow 19-6928] IPCACHE: copied cached file c:/Users/Francisco/OneDrive/rea de Trabalho/IST-PSD/Lab3/project_1.cache/ip/2023.1/e/0/e0717da8079cb1c3/weights1_stub.v to C:/Users/Francisco/OneDrive/rea de Trabalho/IST-PSD/Lab3/project_1.runs/weights1_synth_1/weights1_stub.v.
INFO: [IP_Flow 19-6928] IPCACHE: copied cached file c:/Users/Francisco/OneDrive/rea de Trabalho/IST-PSD/Lab3/project_1.cache/ip/2023.1/e/0/e0717da8079cb1c3/weights1_stub.vhdl to C:/Users/Francisco/OneDrive/rea de Trabalho/IST-PSD/Lab3/project_1.runs/weights1_synth_1/weights1_stub.vhdl.
INFO: [IP_Flow 19-4838] Using cached IP synthesis design for IP weights1, cache-ID = e0717da8079cb1c3.
INFO: [Common 17-206] Exiting Vivado at Mon Oct 30 19:54:45 2023...
