
*** Running vivado
    with args -log fpga_basicIO_mems.vds -m64 -product Vivado -mode batch -messageDb vivado.pb -notrace -source fpga_basicIO_mems.tcl


ECHO is off.
ECHO is off.

****** Vivado v2023.1 (64-bit)
  **** SW Build 3865809 on Sun May  7 15:05:29 MDT 2023
  **** IP Build 3864474 on Sun May  7 20:36:21 MDT 2023
  **** SharedData Build 3865790 on Sun May 07 13:33:03 MDT 2023
    ** Copyright 1986-2022 Xilinx, Inc. All Rights Reserved.
    ** Copyright 2022-2023 Advanced Micro Devices, Inc. All Rights Reserved.

source fpga_basicIO_mems.tcl -notrace
Command: read_checkpoint -auto_incremental -incremental {C:/Users/Francisco/OneDrive/rea de Trabalho/IST-PSD/Lab3-upgraded/project_1.srcs/utils_1/imports/synth_1/circuito.dcp}
INFO: [Vivado 12-5825] Read reference checkpoint from C:/Users/Francisco/OneDrive/rea de Trabalho/IST-PSD/Lab3-upgraded/project_1.srcs/utils_1/imports/synth_1/circuito.dcp for incremental synthesis
INFO: [Vivado 12-7989] Please ensure there are no constraint changes
Command: synth_design -top fpga_basicIO_mems -part xc7a35tcpg236-1
Starting synth_design
Attempting to get a license for feature 'Synthesis' and/or device 'xc7a35t'
INFO: [Common 17-349] Got license for feature 'Synthesis' and/or device 'xc7a35t'
INFO: [Device 21-403] Loading part xc7a35tcpg236-1
INFO: [Designutils 20-5440] No compile time benefit to using incremental synthesis; A full resynthesis will be run
INFO: [Designutils 20-4379] Flow is switching to default flow due to incremental criteria not met. If you would like to alter this behaviour and have the flow terminate instead, please set the following parameter config_implementation {autoIncr.Synth.RejectBehavior Terminate}
INFO: [Synth 8-7079] Multithreading enabled for synth_design using a maximum of 2 processes.
INFO: [Synth 8-7078] Launching helper process for spawning children vivado processes
INFO: [Synth 8-7075] Helper process launched with PID 8896
---------------------------------------------------------------------------------
Starting RTL Elaboration : Time (s): cpu = 00:00:09 ; elapsed = 00:00:09 . Memory (MB): peak = 1306.434 ; gain = 412.258
---------------------------------------------------------------------------------
WARNING: [Synth 8-3848] Net multiplication01 in module/entity datapath does not have driver. [C:/Users/Francisco/OneDrive/rea de Trabalho/IST-PSD/Lab3-upgraded/project_1.srcs/sources_1/imports/Lab3/datapath.vhd:100]
WARNING: [Synth 8-3848] Net multiplication01A in module/entity datapath does not have driver. [C:/Users/Francisco/OneDrive/rea de Trabalho/IST-PSD/Lab3-upgraded/project_1.srcs/sources_1/imports/Lab3/datapath.vhd:133]
WARNING: [Synth 8-6014] Unused sequential element btnLreg_reg was removed.  [C:/Users/Francisco/OneDrive/rea de Trabalho/IST-PSD/Lab3-upgraded/project_1.srcs/sources_1/imports/P3/fpga_basicIO_mems.vhd:203]
WARNING: [Synth 8-6014] Unused sequential element btnRreg_reg was removed.  [C:/Users/Francisco/OneDrive/rea de Trabalho/IST-PSD/Lab3-upgraded/project_1.srcs/sources_1/imports/P3/fpga_basicIO_mems.vhd:204]
WARNING: [Synth 8-6014] Unused sequential element btnDreg_reg was removed.  [C:/Users/Francisco/OneDrive/rea de Trabalho/IST-PSD/Lab3-upgraded/project_1.srcs/sources_1/imports/P3/fpga_basicIO_mems.vhd:205]
WARNING: [Synth 8-3848] Net minus_sign in module/entity fpga_basicIO_mems does not have driver. [C:/Users/Francisco/OneDrive/rea de Trabalho/IST-PSD/Lab3-upgraded/project_1.srcs/sources_1/imports/P3/fpga_basicIO_mems.vhd:56]
WARNING: [Synth 8-7129] Port w2line1[31] in module datapath is either unconnected or has no load
WARNING: [Synth 8-7129] Port w2line1[30] in module datapath is either unconnected or has no load
WARNING: [Synth 8-7129] Port w2line1[29] in module datapath is either unconnected or has no load
WARNING: [Synth 8-7129] Port w2line1[28] in module datapath is either unconnected or has no load
WARNING: [Synth 8-7129] Port w2line1[27] in module datapath is either unconnected or has no load
WARNING: [Synth 8-7129] Port w2line1[26] in module datapath is either unconnected or has no load
WARNING: [Synth 8-7129] Port w2line1[25] in module datapath is either unconnected or has no load
WARNING: [Synth 8-7129] Port w2line1[24] in module datapath is either unconnected or has no load
WARNING: [Synth 8-7129] Port w2line1[23] in module datapath is either unconnected or has no load
WARNING: [Synth 8-7129] Port w2line1[22] in module datapath is either unconnected or has no load
WARNING: [Synth 8-7129] Port w2line1[21] in module datapath is either unconnected or has no load
WARNING: [Synth 8-7129] Port w2line1[20] in module datapath is either unconnected or has no load
WARNING: [Synth 8-7129] Port w2line1[19] in module datapath is either unconnected or has no load
WARNING: [Synth 8-7129] Port w2line1[18] in module datapath is either unconnected or has no load
WARNING: [Synth 8-7129] Port w2line1[17] in module datapath is either unconnected or has no load
WARNING: [Synth 8-7129] Port w2line1[16] in module datapath is either unconnected or has no load
WARNING: [Synth 8-7129] Port w2line1[15] in module datapath is either unconnected or has no load
WARNING: [Synth 8-7129] Port w2line1[14] in module datapath is either unconnected or has no load
WARNING: [Synth 8-7129] Port w2line1[13] in module datapath is either unconnected or has no load
WARNING: [Synth 8-7129] Port w2line1[12] in module datapath is either unconnected or has no load
WARNING: [Synth 8-7129] Port w2line1[11] in module datapath is either unconnected or has no load
WARNING: [Synth 8-7129] Port w2line1[10] in module datapath is either unconnected or has no load
WARNING: [Synth 8-7129] Port w2line1[9] in module datapath is either unconnected or has no load
WARNING: [Synth 8-7129] Port w2line1[8] in module datapath is either unconnected or has no load
WARNING: [Synth 8-7129] Port w2line1[7] in module datapath is either unconnected or has no load
WARNING: [Synth 8-7129] Port w2line1[6] in module datapath is either unconnected or has no load
WARNING: [Synth 8-7129] Port w2line1[5] in module datapath is either unconnected or has no load
WARNING: [Synth 8-7129] Port w2line1[4] in module datapath is either unconnected or has no load
WARNING: [Synth 8-7129] Port w2line1[3] in module datapath is either unconnected or has no load
WARNING: [Synth 8-7129] Port w2line1[2] in module datapath is either unconnected or has no load
WARNING: [Synth 8-7129] Port w2line1[1] in module datapath is either unconnected or has no load
WARNING: [Synth 8-7129] Port w2line1[0] in module datapath is either unconnected or has no load
WARNING: [Synth 8-7129] Port muxpsel[1] in module datapath is either unconnected or has no load
WARNING: [Synth 8-7129] Port muxpsel[0] in module datapath is either unconnected or has no load
WARNING: [Synth 8-7129] Port muxw2sel0[0] in module datapath is either unconnected or has no load
WARNING: [Synth 8-7129] Port muxw2sel1[1] in module datapath is either unconnected or has no load
WARNING: [Synth 8-7129] Port muxw2sel1[0] in module datapath is either unconnected or has no load
WARNING: [Synth 8-7129] Port CLKB in module blk_mem_output_block__parameterized2 is either unconnected or has no load
WARNING: [Synth 8-7129] Port SBITERR_I in module blk_mem_output_block__parameterized2 is either unconnected or has no load
WARNING: [Synth 8-7129] Port DBITERR_I in module blk_mem_output_block__parameterized2 is either unconnected or has no load
WARNING: [Synth 8-7129] Port RDADDRECC_I[4] in module blk_mem_output_block__parameterized2 is either unconnected or has no load
WARNING: [Synth 8-7129] Port RDADDRECC_I[3] in module blk_mem_output_block__parameterized2 is either unconnected or has no load
WARNING: [Synth 8-7129] Port RDADDRECC_I[2] in module blk_mem_output_block__parameterized2 is either unconnected or has no load
WARNING: [Synth 8-7129] Port RDADDRECC_I[1] in module blk_mem_output_block__parameterized2 is either unconnected or has no load
WARNING: [Synth 8-7129] Port RDADDRECC_I[0] in module blk_mem_output_block__parameterized2 is either unconnected or has no load
WARNING: [Synth 8-7129] Port SBITERR in module blk_mem_gen_prim_wrapper_init__parameterized8 is either unconnected or has no load
WARNING: [Synth 8-7129] Port DBITERR in module blk_mem_gen_prim_wrapper_init__parameterized8 is either unconnected or has no load
WARNING: [Synth 8-7129] Port SSRA in module blk_mem_gen_prim_wrapper_init__parameterized8 is either unconnected or has no load
WARNING: [Synth 8-7129] Port SSRB in module blk_mem_gen_prim_wrapper_init__parameterized8 is either unconnected or has no load
WARNING: [Synth 8-7129] Port SLEEP in module blk_mem_gen_prim_wrapper_init__parameterized8 is either unconnected or has no load
WARNING: [Synth 8-7129] Port INJECTSBITERR in module blk_mem_gen_prim_wrapper_init__parameterized8 is either unconnected or has no load
WARNING: [Synth 8-7129] Port INJECTDBITERR in module blk_mem_gen_prim_wrapper_init__parameterized8 is either unconnected or has no load
WARNING: [Synth 8-7129] Port ECCPIPECE in module blk_mem_gen_prim_wrapper_init__parameterized8 is either unconnected or has no load
WARNING: [Synth 8-7129] Port REGCEA[0] in module blk_mem_gen_generic_cstr__parameterized2 is either unconnected or has no load
WARNING: [Synth 8-7129] Port WEA[1] in module blk_mem_gen_generic_cstr__parameterized2 is either unconnected or has no load
WARNING: [Synth 8-7129] Port REGCEB[0] in module blk_mem_gen_generic_cstr__parameterized2 is either unconnected or has no load
WARNING: [Synth 8-7129] Port WEB[1] in module blk_mem_gen_generic_cstr__parameterized2 is either unconnected or has no load
WARNING: [Synth 8-7129] Port INJECTSBITERR in module blk_mem_gen_generic_cstr__parameterized2 is either unconnected or has no load
WARNING: [Synth 8-7129] Port INJECTDBITERR in module blk_mem_gen_generic_cstr__parameterized2 is either unconnected or has no load
WARNING: [Synth 8-7129] Port RSTA in module blk_mem_input_block__parameterized2 is either unconnected or has no load
WARNING: [Synth 8-7129] Port ENA in module blk_mem_input_block__parameterized2 is either unconnected or has no load
WARNING: [Synth 8-7129] Port REGCEA in module blk_mem_input_block__parameterized2 is either unconnected or has no load
WARNING: [Synth 8-7129] Port RSTB in module blk_mem_input_block__parameterized2 is either unconnected or has no load
WARNING: [Synth 8-7129] Port ENB in module blk_mem_input_block__parameterized2 is either unconnected or has no load
WARNING: [Synth 8-7129] Port REGCEB in module blk_mem_input_block__parameterized2 is either unconnected or has no load
WARNING: [Synth 8-7129] Port INJECTDBITERR in module blk_mem_input_block__parameterized2 is either unconnected or has no load
WARNING: [Synth 8-7129] Port INJECTSBITERR in module blk_mem_input_block__parameterized2 is either unconnected or has no load
WARNING: [Synth 8-7129] Port S_AClk in module blk_mem_gen_v8_4_6_synth__parameterized2 is either unconnected or has no load
WARNING: [Synth 8-7129] Port S_ARESETN in module blk_mem_gen_v8_4_6_synth__parameterized2 is either unconnected or has no load
WARNING: [Synth 8-7129] Port S_AXI_AWID[3] in module blk_mem_gen_v8_4_6_synth__parameterized2 is either unconnected or has no load
WARNING: [Synth 8-7129] Port S_AXI_AWID[2] in module blk_mem_gen_v8_4_6_synth__parameterized2 is either unconnected or has no load
WARNING: [Synth 8-7129] Port S_AXI_AWID[1] in module blk_mem_gen_v8_4_6_synth__parameterized2 is either unconnected or has no load
WARNING: [Synth 8-7129] Port S_AXI_AWID[0] in module blk_mem_gen_v8_4_6_synth__parameterized2 is either unconnected or has no load
WARNING: [Synth 8-7129] Port S_AXI_AWADDR[31] in module blk_mem_gen_v8_4_6_synth__parameterized2 is either unconnected or has no load
WARNING: [Synth 8-7129] Port S_AXI_AWADDR[30] in module blk_mem_gen_v8_4_6_synth__parameterized2 is either unconnected or has no load
WARNING: [Synth 8-7129] Port S_AXI_AWADDR[29] in module blk_mem_gen_v8_4_6_synth__parameterized2 is either unconnected or has no load
WARNING: [Synth 8-7129] Port S_AXI_AWADDR[28] in module blk_mem_gen_v8_4_6_synth__parameterized2 is either unconnected or has no load
WARNING: [Synth 8-7129] Port S_AXI_AWADDR[27] in module blk_mem_gen_v8_4_6_synth__parameterized2 is either unconnected or has no load
WARNING: [Synth 8-7129] Port S_AXI_AWADDR[26] in module blk_mem_gen_v8_4_6_synth__parameterized2 is either unconnected or has no load
WARNING: [Synth 8-7129] Port S_AXI_AWADDR[25] in module blk_mem_gen_v8_4_6_synth__parameterized2 is either unconnected or has no load
WARNING: [Synth 8-7129] Port S_AXI_AWADDR[24] in module blk_mem_gen_v8_4_6_synth__parameterized2 is either unconnected or has no load
WARNING: [Synth 8-7129] Port S_AXI_AWADDR[23] in module blk_mem_gen_v8_4_6_synth__parameterized2 is either unconnected or has no load
WARNING: [Synth 8-7129] Port S_AXI_AWADDR[22] in module blk_mem_gen_v8_4_6_synth__parameterized2 is either unconnected or has no load
WARNING: [Synth 8-7129] Port S_AXI_AWADDR[21] in module blk_mem_gen_v8_4_6_synth__parameterized2 is either unconnected or has no load
WARNING: [Synth 8-7129] Port S_AXI_AWADDR[20] in module blk_mem_gen_v8_4_6_synth__parameterized2 is either unconnected or has no load
WARNING: [Synth 8-7129] Port S_AXI_AWADDR[19] in module blk_mem_gen_v8_4_6_synth__parameterized2 is either unconnected or has no load
WARNING: [Synth 8-7129] Port S_AXI_AWADDR[18] in module blk_mem_gen_v8_4_6_synth__parameterized2 is either unconnected or has no load
WARNING: [Synth 8-7129] Port S_AXI_AWADDR[17] in module blk_mem_gen_v8_4_6_synth__parameterized2 is either unconnected or has no load
WARNING: [Synth 8-7129] Port S_AXI_AWADDR[16] in module blk_mem_gen_v8_4_6_synth__parameterized2 is either unconnected or has no load
WARNING: [Synth 8-7129] Port S_AXI_AWADDR[15] in module blk_mem_gen_v8_4_6_synth__parameterized2 is either unconnected or has no load
WARNING: [Synth 8-7129] Port S_AXI_AWADDR[14] in module blk_mem_gen_v8_4_6_synth__parameterized2 is either unconnected or has no load
WARNING: [Synth 8-7129] Port S_AXI_AWADDR[13] in module blk_mem_gen_v8_4_6_synth__parameterized2 is either unconnected or has no load
WARNING: [Synth 8-7129] Port S_AXI_AWADDR[12] in module blk_mem_gen_v8_4_6_synth__parameterized2 is either unconnected or has no load
WARNING: [Synth 8-7129] Port S_AXI_AWADDR[11] in module blk_mem_gen_v8_4_6_synth__parameterized2 is either unconnected or has no load
WARNING: [Synth 8-7129] Port S_AXI_AWADDR[10] in module blk_mem_gen_v8_4_6_synth__parameterized2 is either unconnected or has no load
WARNING: [Synth 8-7129] Port S_AXI_AWADDR[9] in module blk_mem_gen_v8_4_6_synth__parameterized2 is either unconnected or has no load
WARNING: [Synth 8-7129] Port S_AXI_AWADDR[8] in module blk_mem_gen_v8_4_6_synth__parameterized2 is either unconnected or has no load
WARNING: [Synth 8-7129] Port S_AXI_AWADDR[7] in module blk_mem_gen_v8_4_6_synth__parameterized2 is either unconnected or has no load
WARNING: [Synth 8-7129] Port S_AXI_AWADDR[6] in module blk_mem_gen_v8_4_6_synth__parameterized2 is either unconnected or has no load
WARNING: [Synth 8-7129] Port S_AXI_AWADDR[5] in module blk_mem_gen_v8_4_6_synth__parameterized2 is either unconnected or has no load
INFO: [Common 17-14] Message 'Synth 8-7129' appears 100 times and further instances of the messages will be disabled. Use the Tcl command set_msg_config to change the current settings.
---------------------------------------------------------------------------------
Finished RTL Elaboration : Time (s): cpu = 00:00:56 ; elapsed = 00:01:20 . Memory (MB): peak = 1943.008 ; gain = 1048.832
---------------------------------------------------------------------------------
---------------------------------------------------------------------------------
Start Handling Custom Attributes
---------------------------------------------------------------------------------
---------------------------------------------------------------------------------
Finished Handling Custom Attributes : Time (s): cpu = 00:00:57 ; elapsed = 00:01:21 . Memory (MB): peak = 1943.008 ; gain = 1048.832
---------------------------------------------------------------------------------
---------------------------------------------------------------------------------
Finished RTL Optimization Phase 1 : Time (s): cpu = 00:00:57 ; elapsed = 00:01:21 . Memory (MB): peak = 1943.008 ; gain = 1048.832
---------------------------------------------------------------------------------
Netlist sorting complete. Time (s): cpu = 00:00:00 ; elapsed = 00:00:00.105 . Memory (MB): peak = 1943.008 ; gain = 0.000
INFO: [Netlist 29-17] Analyzing 10 Unisim elements for replacement
INFO: [Netlist 29-28] Unisim Transformation completed in 0 CPU seconds
INFO: [Project 1-570] Preparing netlist for logic optimization

Processing XDC Constraints
Initializing timing engine
Parsing XDC File [C:/Users/Francisco/OneDrive/rea de Trabalho/IST-PSD/Lab3-upgraded/project_1.srcs/constrs_1/imports/P3/Basys3_Master.xdc]
Finished Parsing XDC File [C:/Users/Francisco/OneDrive/rea de Trabalho/IST-PSD/Lab3-upgraded/project_1.srcs/constrs_1/imports/P3/Basys3_Master.xdc]
INFO: [Project 1-236] Implementation specific constraints were found while reading constraint file [C:/Users/Francisco/OneDrive/rea de Trabalho/IST-PSD/Lab3-upgraded/project_1.srcs/constrs_1/imports/P3/Basys3_Master.xdc]. These constraints will be ignored for synthesis but will be used in implementation. Impacted constraints are listed in the file [.Xil/fpga_basicIO_mems_propImpl.xdc].
Resolution: To avoid this warning, move constraints listed in [.Xil/fpga_basicIO_mems_propImpl.xdc] to another XDC file and exclude this new file from synthesis with the used_in_synthesis property (File Properties dialog in GUI) and re-run elaboration/synthesis.
Parsing XDC File [C:/Users/Francisco/OneDrive/rea de Trabalho/IST-PSD/Lab3-upgraded/project_1.runs/synth_1/dont_touch.xdc]
Finished Parsing XDC File [C:/Users/Francisco/OneDrive/rea de Trabalho/IST-PSD/Lab3-upgraded/project_1.runs/synth_1/dont_touch.xdc]
Completed Processing XDC Constraints

Netlist sorting complete. Time (s): cpu = 00:00:00 ; elapsed = 00:00:00.001 . Memory (MB): peak = 1943.008 ; gain = 0.000
INFO: [Project 1-111] Unisim Transformation Summary:
No Unisim elements were transformed.

Constraint Validation Runtime : Time (s): cpu = 00:00:00 ; elapsed = 00:00:00.049 . Memory (MB): peak = 1943.008 ; gain = 0.000
INFO: [Designutils 20-5440] No compile time benefit to using incremental synthesis; A full resynthesis will be run
INFO: [Designutils 20-4379] Flow is switching to default flow due to incremental criteria not met. If you would like to alter this behaviour and have the flow terminate instead, please set the following parameter config_implementation {autoIncr.Synth.RejectBehavior Terminate}
---------------------------------------------------------------------------------
Finished Constraint Validation : Time (s): cpu = 00:01:07 ; elapsed = 00:01:31 . Memory (MB): peak = 1943.008 ; gain = 1048.832
---------------------------------------------------------------------------------
---------------------------------------------------------------------------------
Start Loading Part and Timing Information
---------------------------------------------------------------------------------
Loading part: xc7a35tcpg236-1
---------------------------------------------------------------------------------
Finished Loading Part and Timing Information : Time (s): cpu = 00:01:07 ; elapsed = 00:01:31 . Memory (MB): peak = 1943.008 ; gain = 1048.832
---------------------------------------------------------------------------------
---------------------------------------------------------------------------------
Start Applying 'set_property' XDC Constraints
---------------------------------------------------------------------------------
Applied set_property KEEP_HIERARCHY = SOFT for inst_circuito/instance_mems/instance_middle. (constraint file  auto generated constraint).
Applied set_property KEEP_HIERARCHY = SOFT for inst_circuito/instance_mems/instance_weights2. (constraint file  auto generated constraint).
Applied set_property KEEP_HIERARCHY = SOFT for inst_circuito/instance_mems/instance_weights1. (constraint file  auto generated constraint).
Applied set_property KEEP_HIERARCHY = SOFT for inst_circuito/instance_mems/instance_images. (constraint file  auto generated constraint).
---------------------------------------------------------------------------------
Finished applying 'set_property' XDC Constraints : Time (s): cpu = 00:01:07 ; elapsed = 00:01:32 . Memory (MB): peak = 1943.008 ; gain = 1048.832
---------------------------------------------------------------------------------
INFO: [Synth 8-802] inferred FSM for state register 'curr_state_reg' in module 'control'
---------------------------------------------------------------------------------------------------
                   State |                     New Encoding |                Previous Encoding 
---------------------------------------------------------------------------------------------------
                  s_init |                               00 |                               00
                s_layer1 |                               01 |                               01
                s_layer2 |                               10 |                               10
                s_output |                               11 |                               11
---------------------------------------------------------------------------------------------------
INFO: [Synth 8-3354] encoded FSM with state register 'curr_state_reg' using encoding 'sequential' in module 'control'
---------------------------------------------------------------------------------
Finished RTL Optimization Phase 2 : Time (s): cpu = 00:01:08 ; elapsed = 00:01:33 . Memory (MB): peak = 1943.008 ; gain = 1048.832
---------------------------------------------------------------------------------
---------------------------------------------------------------------------------
Start RTL Component Statistics 
---------------------------------------------------------------------------------
Detailed RTL Component Info : 
+---Adders : 
	   2 Input   14 Bit       Adders := 1     
	   2 Input   12 Bit       Adders := 1     
	   2 Input   10 Bit       Adders := 4     
	   2 Input    9 Bit       Adders := 2     
	   2 Input    8 Bit       Adders := 4     
	   2 Input    7 Bit       Adders := 10    
	   2 Input    6 Bit       Adders := 22    
	   2 Input    5 Bit       Adders := 35    
	   2 Input    4 Bit       Adders := 1     
+---XORs : 
	   2 Input      1 Bit         XORs := 5     
+---Registers : 
	               27 Bit    Registers := 1     
	               16 Bit    Registers := 1     
	               14 Bit    Registers := 1     
	               10 Bit    Registers := 2     
	                7 Bit    Registers := 2     
	                6 Bit    Registers := 6     
	                5 Bit    Registers := 4     
	                4 Bit    Registers := 2     
	                1 Bit    Registers := 2     
+---Muxes : 
	   2 Input   14 Bit        Muxes := 1     
	   2 Input   10 Bit        Muxes := 1     
	   2 Input    8 Bit        Muxes := 2     
	   2 Input    7 Bit        Muxes := 1     
	   2 Input    6 Bit        Muxes := 3     
	   3 Input    6 Bit        Muxes := 1     
	   4 Input    6 Bit        Muxes := 2     
	   2 Input    5 Bit        Muxes := 5     
	   4 Input    5 Bit        Muxes := 3     
	   3 Input    5 Bit        Muxes := 2     
	   2 Input    4 Bit        Muxes := 66    
	   3 Input    4 Bit        Muxes := 3     
	   4 Input    4 Bit        Muxes := 2     
	   2 Input    2 Bit        Muxes := 11    
	   3 Input    2 Bit        Muxes := 1     
	   4 Input    2 Bit        Muxes := 4     
	   2 Input    1 Bit        Muxes := 11    
	   4 Input    1 Bit        Muxes := 7     
---------------------------------------------------------------------------------
Finished RTL Component Statistics 
---------------------------------------------------------------------------------
---------------------------------------------------------------------------------
Start Part Resource Summary
---------------------------------------------------------------------------------
Part Resources:
DSPs: 90 (col length:60)
BRAMs: 100 (col length: RAMB18 60 RAMB36 30)
---------------------------------------------------------------------------------
Finished Part Resource Summary
---------------------------------------------------------------------------------
---------------------------------------------------------------------------------
Start Cross Boundary and Area Optimization
---------------------------------------------------------------------------------
WARNING: [Synth 8-7080] Parallel synthesis criteria is not met
DSP Report: Generating DSP instance_datapath/mulplication10_2layer, operation Mode is: A*B.
DSP Report: operator instance_datapath/mulplication10_2layer is absorbed into DSP instance_datapath/mulplication10_2layer.
DSP Report: Generating DSP instance_datapath/add_2layer, operation Mode is: PCIN+A*B.
DSP Report: operator instance_datapath/add_2layer is absorbed into DSP instance_datapath/add_2layer.
DSP Report: operator instance_datapath/multiplication11_2layer is absorbed into DSP instance_datapath/add_2layer.
DSP Report: Generating DSP instance_datapath/accum2_out_reg, operation Mode is: (PCIN+P)'.
DSP Report: register instance_datapath/accum2_out_reg is absorbed into DSP instance_datapath/accum2_out_reg.
DSP Report: operator instance_datapath/neuron_part2 is absorbed into DSP instance_datapath/accum2_out_reg.
---------------------------------------------------------------------------------
Finished Cross Boundary and Area Optimization : Time (s): cpu = 00:01:12 ; elapsed = 00:01:36 . Memory (MB): peak = 1943.008 ; gain = 1048.832
---------------------------------------------------------------------------------
---------------------------------------------------------------------------------
Start ROM, RAM, DSP, Shift Register and Retiming Reporting
---------------------------------------------------------------------------------

DSP: Preliminary Mapping Report (see note below. The ' indicates corresponding REG is set)
+------------+-------------+--------+--------+--------+--------+--------+------+------+------+------+-------+------+------+
|Module Name | DSP Mapping | A Size | B Size | C Size | D Size | P Size | AREG | BREG | CREG | DREG | ADREG | MREG | PREG | 
+------------+-------------+--------+--------+--------+--------+--------+------+------+------+------+-------+------+------+
|datapath    | A*B         | 14     | 8      | -      | -      | 22     | 0    | 0    | -    | -    | -     | 0    | 0    | 
|datapath    | PCIN+A*B    | 14     | 8      | -      | -      | 23     | 0    | 0    | -    | -    | -     | 0    | 0    | 
|datapath    | (PCIN+P)'   | -      | -      | -      | -      | -1     | -    | -    | -    | -    | -     | 0    | 1    | 
+------------+-------------+--------+--------+--------+--------+--------+------+------+------+------+-------+------+------+

Note: The table above is a preliminary report that shows the DSPs inferred at the current stage of the synthesis flow. Some DSP may be reimplemented as non DSP primitives later in the synthesis flow. Multiple instantiated DSPs are reported only once.
---------------------------------------------------------------------------------
Finished ROM, RAM, DSP, Shift Register and Retiming Reporting
---------------------------------------------------------------------------------
---------------------------------------------------------------------------------
Start Applying XDC Timing Constraints
---------------------------------------------------------------------------------
---------------------------------------------------------------------------------
Finished Applying XDC Timing Constraints : Time (s): cpu = 00:01:22 ; elapsed = 00:01:46 . Memory (MB): peak = 1943.008 ; gain = 1048.832
---------------------------------------------------------------------------------
---------------------------------------------------------------------------------
Start Timing Optimization
---------------------------------------------------------------------------------
---------------------------------------------------------------------------------
Finished Timing Optimization : Time (s): cpu = 00:01:22 ; elapsed = 00:01:47 . Memory (MB): peak = 1943.008 ; gain = 1048.832
---------------------------------------------------------------------------------
---------------------------------------------------------------------------------
Start Technology Mapping
---------------------------------------------------------------------------------
---------------------------------------------------------------------------------
Finished Technology Mapping : Time (s): cpu = 00:01:23 ; elapsed = 00:01:47 . Memory (MB): peak = 1943.008 ; gain = 1048.832
---------------------------------------------------------------------------------
---------------------------------------------------------------------------------
Start IO Insertion
---------------------------------------------------------------------------------
---------------------------------------------------------------------------------
Start Flattening Before IO Insertion
---------------------------------------------------------------------------------
---------------------------------------------------------------------------------
Finished Flattening Before IO Insertion
---------------------------------------------------------------------------------
---------------------------------------------------------------------------------
Start Final Netlist Cleanup
---------------------------------------------------------------------------------
---------------------------------------------------------------------------------
Finished Final Netlist Cleanup
---------------------------------------------------------------------------------
---------------------------------------------------------------------------------
Finished IO Insertion : Time (s): cpu = 00:01:28 ; elapsed = 00:01:52 . Memory (MB): peak = 1943.008 ; gain = 1048.832
---------------------------------------------------------------------------------
---------------------------------------------------------------------------------
Start Renaming Generated Instances
---------------------------------------------------------------------------------
---------------------------------------------------------------------------------
Finished Renaming Generated Instances : Time (s): cpu = 00:01:28 ; elapsed = 00:01:52 . Memory (MB): peak = 1943.008 ; gain = 1048.832
---------------------------------------------------------------------------------
CRITICAL WARNING: [Synth 8-6859] multi-driven net on pin inst_circuito/instance_datapath/multiplication31A[0] with 1st driver pin 'inst_circuito/instance_datapath/add07A__38_carry_i_28/O' [C:/Users/Francisco/OneDrive/rea de Trabalho/IST-PSD/Lab3-upgraded/project_1.srcs/sources_1/imports/Lab3/datapath.vhd:367]
CRITICAL WARNING: [Synth 8-6859] multi-driven net on pin inst_circuito/instance_datapath/multiplication31A[0] with 2nd driver pin 'inst_circuito/instance_datapath/add07A__38_carry_i_29/O' [C:/Users/Francisco/OneDrive/rea de Trabalho/IST-PSD/Lab3-upgraded/project_1.srcs/sources_1/imports/Lab3/datapath.vhd:368]
CRITICAL WARNING: [Synth 8-6859] multi-driven net on pin inst_circuito/instance_datapath/multiplication31A[1] with 1st driver pin 'inst_circuito/instance_datapath/add07A__38_carry_i_45/O' [C:/Users/Francisco/OneDrive/rea de Trabalho/IST-PSD/Lab3-upgraded/project_1.srcs/sources_1/imports/Lab3/datapath.vhd:367]
CRITICAL WARNING: [Synth 8-6859] multi-driven net on pin inst_circuito/instance_datapath/multiplication31A[1] with 2nd driver pin 'inst_circuito/instance_datapath/add07A__38_carry_i_46/O' [C:/Users/Francisco/OneDrive/rea de Trabalho/IST-PSD/Lab3-upgraded/project_1.srcs/sources_1/imports/Lab3/datapath.vhd:368]
CRITICAL WARNING: [Synth 8-6859] multi-driven net on pin inst_circuito/instance_datapath/multiplication31A[2] with 1st driver pin 'inst_circuito/instance_datapath/add07A__38_carry_i_38/O' [C:/Users/Francisco/OneDrive/rea de Trabalho/IST-PSD/Lab3-upgraded/project_1.srcs/sources_1/imports/Lab3/datapath.vhd:367]
CRITICAL WARNING: [Synth 8-6859] multi-driven net on pin inst_circuito/instance_datapath/multiplication31A[2] with 2nd driver pin 'inst_circuito/instance_datapath/add07A__38_carry_i_39/O' [C:/Users/Francisco/OneDrive/rea de Trabalho/IST-PSD/Lab3-upgraded/project_1.srcs/sources_1/imports/Lab3/datapath.vhd:368]
CRITICAL WARNING: [Synth 8-6859] multi-driven net on pin inst_circuito/instance_datapath/multiplication31A[3] with 1st driver pin 'inst_circuito/instance_datapath/add07A__38_carry_i_40/O' [C:/Users/Francisco/OneDrive/rea de Trabalho/IST-PSD/Lab3-upgraded/project_1.srcs/sources_1/imports/Lab3/datapath.vhd:367]
CRITICAL WARNING: [Synth 8-6859] multi-driven net on pin inst_circuito/instance_datapath/multiplication31A[3] with 2nd driver pin 'inst_circuito/instance_datapath/add07A__38_carry_i_41/O' [C:/Users/Francisco/OneDrive/rea de Trabalho/IST-PSD/Lab3-upgraded/project_1.srcs/sources_1/imports/Lab3/datapath.vhd:368]
CRITICAL WARNING: [Synth 8-6859] multi-driven net on pin inst_circuito/instance_datapath/multiplication31[0] with 1st driver pin 'inst_circuito/instance_datapath/add07__38_carry_i_28/O' [C:/Users/Francisco/OneDrive/rea de Trabalho/IST-PSD/Lab3-upgraded/project_1.srcs/sources_1/imports/Lab3/datapath.vhd:325]
CRITICAL WARNING: [Synth 8-6859] multi-driven net on pin inst_circuito/instance_datapath/multiplication31[0] with 2nd driver pin 'inst_circuito/instance_datapath/add07__38_carry_i_29/O' [C:/Users/Francisco/OneDrive/rea de Trabalho/IST-PSD/Lab3-upgraded/project_1.srcs/sources_1/imports/Lab3/datapath.vhd:326]
CRITICAL WARNING: [Synth 8-6859] multi-driven net on pin inst_circuito/instance_datapath/multiplication31[1] with 1st driver pin 'inst_circuito/instance_datapath/add07__38_carry_i_45/O' [C:/Users/Francisco/OneDrive/rea de Trabalho/IST-PSD/Lab3-upgraded/project_1.srcs/sources_1/imports/Lab3/datapath.vhd:325]
CRITICAL WARNING: [Synth 8-6859] multi-driven net on pin inst_circuito/instance_datapath/multiplication31[1] with 2nd driver pin 'inst_circuito/instance_datapath/add07__38_carry_i_46/O' [C:/Users/Francisco/OneDrive/rea de Trabalho/IST-PSD/Lab3-upgraded/project_1.srcs/sources_1/imports/Lab3/datapath.vhd:326]
CRITICAL WARNING: [Synth 8-6859] multi-driven net on pin inst_circuito/instance_datapath/multiplication31[2] with 1st driver pin 'inst_circuito/instance_datapath/add07__38_carry_i_38/O' [C:/Users/Francisco/OneDrive/rea de Trabalho/IST-PSD/Lab3-upgraded/project_1.srcs/sources_1/imports/Lab3/datapath.vhd:325]
CRITICAL WARNING: [Synth 8-6859] multi-driven net on pin inst_circuito/instance_datapath/multiplication31[2] with 2nd driver pin 'inst_circuito/instance_datapath/add07__38_carry_i_39/O' [C:/Users/Francisco/OneDrive/rea de Trabalho/IST-PSD/Lab3-upgraded/project_1.srcs/sources_1/imports/Lab3/datapath.vhd:326]
CRITICAL WARNING: [Synth 8-6859] multi-driven net on pin inst_circuito/instance_datapath/multiplication31[3] with 1st driver pin 'inst_circuito/instance_datapath/add07__38_carry_i_40/O' [C:/Users/Francisco/OneDrive/rea de Trabalho/IST-PSD/Lab3-upgraded/project_1.srcs/sources_1/imports/Lab3/datapath.vhd:325]
CRITICAL WARNING: [Synth 8-6859] multi-driven net on pin inst_circuito/instance_datapath/multiplication31[3] with 2nd driver pin 'inst_circuito/instance_datapath/add07__38_carry_i_41/O' [C:/Users/Francisco/OneDrive/rea de Trabalho/IST-PSD/Lab3-upgraded/project_1.srcs/sources_1/imports/Lab3/datapath.vhd:326]

Report Check Netlist: 
+------+------------------+-------+---------+-------+------------------+
|      |Item              |Errors |Warnings |Status |Description       |
+------+------------------+-------+---------+-------+------------------+
|1     |multi_driven_nets |      0|        8|Failed |Multi driven nets |
+------+------------------+-------+---------+-------+------------------+
---------------------------------------------------------------------------------
Start Rebuilding User Hierarchy
---------------------------------------------------------------------------------
---------------------------------------------------------------------------------
Finished Rebuilding User Hierarchy : Time (s): cpu = 00:01:28 ; elapsed = 00:01:52 . Memory (MB): peak = 1943.008 ; gain = 1048.832
---------------------------------------------------------------------------------
---------------------------------------------------------------------------------
Start Renaming Generated Ports
---------------------------------------------------------------------------------
---------------------------------------------------------------------------------
Finished Renaming Generated Ports : Time (s): cpu = 00:01:28 ; elapsed = 00:01:52 . Memory (MB): peak = 1943.008 ; gain = 1048.832
---------------------------------------------------------------------------------
---------------------------------------------------------------------------------
Start Handling Custom Attributes
---------------------------------------------------------------------------------
---------------------------------------------------------------------------------
Finished Handling Custom Attributes : Time (s): cpu = 00:01:28 ; elapsed = 00:01:52 . Memory (MB): peak = 1943.008 ; gain = 1048.832
---------------------------------------------------------------------------------
---------------------------------------------------------------------------------
Start Renaming Generated Nets
---------------------------------------------------------------------------------
---------------------------------------------------------------------------------
Finished Renaming Generated Nets : Time (s): cpu = 00:01:28 ; elapsed = 00:01:52 . Memory (MB): peak = 1943.008 ; gain = 1048.832
---------------------------------------------------------------------------------
---------------------------------------------------------------------------------
Start Writing Synthesis Report
---------------------------------------------------------------------------------

DSP Final Report (the ' indicates corresponding REG is set)
+------------+-------------+--------+--------+--------+--------+--------+------+------+------+------+-------+------+------+
|Module Name | DSP Mapping | A Size | B Size | C Size | D Size | P Size | AREG | BREG | CREG | DREG | ADREG | MREG | PREG | 
+------------+-------------+--------+--------+--------+--------+--------+------+------+------+------+-------+------+------+
|datapath    | A*B         | 30     | 18     | -      | -      | 22     | 0    | 0    | -    | -    | -     | 0    | 0    | 
|datapath    | PCIN+A*B    | 30     | 18     | -      | -      | 23     | 0    | 0    | -    | -    | -     | 0    | 0    | 
|datapath    | (PCIN+P)'   | -      | -      | -      | -      | 27     | -    | -    | -    | -    | -     | 0    | 1    | 
+------------+-------------+--------+--------+--------+--------+--------+------+------+------+------+-------+------+------+


Report BlackBoxes: 
+-+--------------+----------+
| |BlackBox name |Instances |
+-+--------------+----------+
+-+--------------+----------+

Report Cell Usage: 
+------+---------+------+
|      |Cell     |Count |
+------+---------+------+
|1     |BUFG     |     1|
|2     |CARRY4   |    64|
|3     |DSP48E1  |     3|
|5     |LUT1     |    17|
|6     |LUT2     |   217|
|7     |LUT3     |    74|
|8     |LUT4     |   144|
|9     |LUT5     |   160|
|10    |LUT6     |   148|
|11    |RAMB18E1 |     1|
|12    |RAMB36E1 |     9|
|21    |FDRE     |   235|
|22    |FDSE     |     1|
|23    |IBUF     |    19|
|24    |OBUF     |    28|
+------+---------+------+
---------------------------------------------------------------------------------
Finished Writing Synthesis Report : Time (s): cpu = 00:01:28 ; elapsed = 00:01:52 . Memory (MB): peak = 1943.008 ; gain = 1048.832
---------------------------------------------------------------------------------
Synthesis finished with 0 errors, 16 critical warnings and 691 warnings.
Synthesis Optimization Runtime : Time (s): cpu = 00:00:27 ; elapsed = 00:01:49 . Memory (MB): peak = 1943.008 ; gain = 1048.832
Synthesis Optimization Complete : Time (s): cpu = 00:01:28 ; elapsed = 00:01:53 . Memory (MB): peak = 1943.008 ; gain = 1048.832
INFO: [Project 1-571] Translating synthesized netlist
Netlist sorting complete. Time (s): cpu = 00:00:00 ; elapsed = 00:00:00.055 . Memory (MB): peak = 1943.008 ; gain = 0.000
INFO: [Netlist 29-17] Analyzing 77 Unisim elements for replacement
INFO: [Netlist 29-28] Unisim Transformation completed in 0 CPU seconds
INFO: [Project 1-570] Preparing netlist for logic optimization
INFO: [Opt 31-138] Pushed 0 inverter(s) to 0 load pin(s).
Netlist sorting complete. Time (s): cpu = 00:00:00 ; elapsed = 00:00:00 . Memory (MB): peak = 1943.008 ; gain = 0.000
INFO: [Project 1-111] Unisim Transformation Summary:
No Unisim elements were transformed.

Synth Design complete | Checksum: 7ebcd364
INFO: [Common 17-83] Releasing license: Synthesis
62 Infos, 108 Warnings, 16 Critical Warnings and 0 Errors encountered.
synth_design completed successfully
INFO: [Common 17-600] The following parameters have non-default value.
tcl.statsThreshold
INFO: [runtcl-6] Synthesis results are not added to the cache due to CRITICAL_WARNING
INFO: [Common 17-1381] The checkpoint 'C:/Users/Francisco/OneDrive/rea de Trabalho/IST-PSD/Lab3-upgraded/project_1.runs/synth_1/fpga_basicIO_mems.dcp' has been generated.
INFO: [runtcl-4] Executing : report_utilization -file fpga_basicIO_mems_utilization_synth.rpt -pb fpga_basicIO_mems_utilization_synth.pb
INFO: [Common 17-206] Exiting Vivado at Fri Nov  3 13:36:48 2023...
