Copyright 1986-2022 Xilinx, Inc. All Rights Reserved. Copyright 2022-2023 Advanced Micro Devices, Inc. All Rights Reserved.
---------------------------------------------------------------------------------------------------------------------------------------------
| Tool Version : Vivado v.2023.1 (win64) Build 3865809 Sun May  7 15:05:29 MDT 2023
| Date         : Mon Oct 30 20:25:24 2023
| Host         : DESKTOP-NOHGJAN running 64-bit major release  (build 9200)
| Command      : report_control_sets -verbose -file circuito_control_sets_placed.rpt
| Design       : circuito
| Device       : xc7a35t
---------------------------------------------------------------------------------------------------------------------------------------------

Control Set Information

Table of Contents
-----------------
1. Summary
2. Histogram
3. Flip-Flop Distribution
4. Detailed Control Set Information

1. Summary
----------

+----------------------------------------------------------+-------+
|                          Status                          | Count |
+----------------------------------------------------------+-------+
| Total control sets                                       |    17 |
|    Minimum number of control sets                        |    17 |
|    Addition due to synthesis replication                 |     0 |
|    Addition due to physical synthesis replication        |     0 |
| Unused register locations in slices containing registers |    46 |
+----------------------------------------------------------+-------+
* Control sets can be merged at opt_design using control_set_merge or merge_equivalent_drivers
** Run report_qor_suggestions for automated merging and remapping suggestions


2. Histogram
------------

+--------------------+-------+
|       Fanout       | Count |
+--------------------+-------+
| Total control sets |    17 |
| >= 0 to < 4        |     1 |
| >= 4 to < 6        |     2 |
| >= 6 to < 8        |     6 |
| >= 8 to < 10       |     1 |
| >= 10 to < 12      |     1 |
| >= 12 to < 14      |     3 |
| >= 14 to < 16      |     1 |
| >= 16              |     2 |
+--------------------+-------+
* Control sets can be remapped at either synth_design or opt_design


3. Flip-Flop Distribution
-------------------------

+--------------+-----------------------+------------------------+-----------------+--------------+
| Clock Enable | Synchronous Set/Reset | Asynchronous Set/Reset | Total Registers | Total Slices |
+--------------+-----------------------+------------------------+-----------------+--------------+
| No           | No                    | No                     |              16 |            9 |
| No           | No                    | Yes                    |               0 |            0 |
| No           | Yes                   | No                     |               0 |            0 |
| Yes          | No                    | No                     |              32 |            9 |
| Yes          | No                    | Yes                    |               0 |            0 |
| Yes          | Yes                   | No                     |             114 |           29 |
+--------------+-----------------------+------------------------+-----------------+--------------+


4. Detailed Control Set Information
-----------------------------------

+----------------+---------------------------------------------+---------------------------------------------+------------------+----------------+--------------+
|  Clock Signal  |                Enable Signal                |               Set/Reset Signal              | Slice Load Count | Bel Load Count | Bels / Slice |
+----------------+---------------------------------------------+---------------------------------------------+------------------+----------------+--------------+
|  clk_IBUF_BUFG | instance_datapath/accum_out[13]_i_2_n_0     | instance_datapath/rstW1_counter             |                1 |              3 |         3.00 |
|  clk_IBUF_BUFG | instance_datapath/accum_eval_lvl_aux        | instance_control/SR[0]                      |                1 |              4 |         4.00 |
|  clk_IBUF_BUFG | instance_datapath/E[0]                      | instance_datapath/rstW2_gen                 |                1 |              5 |         5.00 |
|  clk_IBUF_BUFG | instance_datapath/w2Counter_enable          | instance_datapath/w2Counter_aux             |                1 |              6 |         6.00 |
|  clk_IBUF_BUFG | instance_datapath/E[0]                      | instance_datapath/rstNeuron_counter         |                2 |              6 |         3.00 |
|  clk_IBUF_BUFG | instance_datapath/CEP                       | instance_datapath/MemCounter_rst            |                1 |              6 |         6.00 |
|  clk_IBUF_BUFG | instance_datapath/imgCounter_aux[5]_i_2_n_0 | instance_datapath/imgCounter_aux[5]_i_1_n_0 |                1 |              6 |         6.00 |
|  clk_IBUF_BUFG | instance_datapath/w2Addr2_aux[6]_i_1_n_0    |                                             |                2 |              7 |         3.50 |
|  clk_IBUF_BUFG | instance_datapath/muxw2sel0[0]              | instance_datapath/rstW2_gen                 |                2 |              7 |         3.50 |
|  clk_IBUF_BUFG | instance_datapath/memread_enable            | instance_datapath/clear                     |                2 |              8 |         4.00 |
|  clk_IBUF_BUFG | instance_datapath/Neuron2Counter_enable     | instance_datapath/rstNeuron_counter         |                3 |             10 |         3.33 |
|  clk_IBUF_BUFG | instance_datapath/w1_enable                 | instance_datapath/rstW2_gen                 |                3 |             12 |         4.00 |
|  clk_IBUF_BUFG | instance_datapath/imgAddr_aux[0]_i_1_n_0    |                                             |                3 |             12 |         4.00 |
|  clk_IBUF_BUFG | instance_datapath/w1Addr2_aux[0]_i_1_n_0    |                                             |                4 |             13 |         3.25 |
|  clk_IBUF_BUFG | instance_datapath/accum_out[13]_i_2_n_0     | instance_datapath/RSTP                      |                4 |             14 |         3.50 |
|  clk_IBUF_BUFG |                                             |                                             |                9 |             16 |         1.78 |
|  clk_IBUF_BUFG | instance_datapath/accum_eval_out_0          | instance_control/SR[0]                      |                7 |             27 |         3.86 |
+----------------+---------------------------------------------+---------------------------------------------+------------------+----------------+--------------+


