#-----------------------------------------------------------
# Vivado v2023.1 (64-bit)
# SW Build 3865809 on Sun May  7 15:05:29 MDT 2023
# IP Build 3864474 on Sun May  7 20:36:21 MDT 2023
# SharedData Build 3865790 on Sun May 07 13:33:03 MDT 2023
# Start of session at: Wed Oct 25 15:01:42 2023
# Process ID: 8080
# Current directory: C:/Users/Francisco/OneDrive/rea de Trabalho/IST-PSD/Lab3
# Command line: vivado.exe -gui_launcher_event rodinguilauncherevent13036 C:\Users\Francisco\OneDrive\rea de Trabalho\IST-PSD\Lab3\Lab3.xpr
# Log file: C:/Users/Francisco/OneDrive/rea de Trabalho/IST-PSD/Lab3/vivado.log
# Journal file: C:/Users/Francisco/OneDrive/rea de Trabalho/IST-PSD/Lab3\vivado.jou
# Running On: DESKTOP-NOHGJAN, OS: Windows, CPU Frequency: 2592 MHz, CPU Physical cores: 6, Host memory: 12728 MB
#-----------------------------------------------------------
start_gui
open_project {C:/Users/Francisco/OneDrive/rea de Trabalho/IST-PSD/Lab3/Lab3.xpr}
WARNING: [Board 49-26] cannot add Board Part digilentinc.com:genesys2:part0:1.1 available at C:/Xilinx/Vivado/2023.1/data/boards/board_files/genesys2/H/board.xml as part xc7k325tffg900-2 specified in board_part file is either invalid or not available
WARNING: [Board 49-26] cannot add Board Part digilentinc.com:sword:part0:1.0 available at C:/Xilinx/Vivado/2023.1/data/boards/board_files/sword/C.0/board.xml as part xc7k325tffg900-2 specified in board_part file is either invalid or not available
WARNING: [Board 49-26] cannot add Board Part xilinx.com:kc705:part0:1.6 available at C:/Xilinx/Vivado/2023.1/data/xhub/boards/XilinxBoardStore/boards/Xilinx/kc705/1.6/board.xml as part xc7k325tffg900-2 specified in board_part file is either invalid or not available
WARNING: [Board 49-26] cannot add Board Part xilinx.com:kcu105:part0:1.6 available at C:/Xilinx/Vivado/2023.1/data/xhub/boards/XilinxBoardStore/boards/Xilinx/kcu105/1.6/board.xml as part xcku040-ffva1156-2-e specified in board_part file is either invalid or not available
WARNING: [Board 49-26] cannot add Board Part xilinx.com:kcu105:part0:1.7 available at C:/Xilinx/Vivado/2023.1/data/xhub/boards/XilinxBoardStore/boards/Xilinx/kcu105/1.7/board.xml as part xcku040-ffva1156-2-e specified in board_part file is either invalid or not available
WARNING: [Board 49-26] cannot add Board Part xilinx.com:kcu1500:part0:1.2 available at C:/Xilinx/Vivado/2023.1/data/xhub/boards/XilinxBoardStore/boards/Xilinx/kcu1500/1.2/board.xml as part xcku115-flvb2104-2-e specified in board_part file is either invalid or not available
WARNING: [Board 49-26] cannot add Board Part xilinx.com:vc707:part0:1.4 available at C:/Xilinx/Vivado/2023.1/data/xhub/boards/XilinxBoardStore/boards/Xilinx/vc707/1.4/board.xml as part xc7vx485tffg1761-2 specified in board_part file is either invalid or not available
WARNING: [Board 49-26] cannot add Board Part xilinx.com:vc709:part0:1.8 available at C:/Xilinx/Vivado/2023.1/data/xhub/boards/XilinxBoardStore/boards/Xilinx/vc709/1.8/board.xml as part xc7vx690tffg1761-2 specified in board_part file is either invalid or not available
WARNING: [Board 49-26] cannot add Board Part xilinx.com:vck190:part0:2.2 available at C:/Xilinx/Vivado/2023.1/data/xhub/boards/XilinxBoardStore/boards/Xilinx/vck190/production/2.2/board.xml as part xcvc1902-vsva2197-2mp-e-s specified in board_part file is either invalid or not available
WARNING: [Board 49-26] cannot add Board Part xilinx.com:vck190:part0:3.0 available at C:/Xilinx/Vivado/2023.1/data/xhub/boards/XilinxBoardStore/boards/Xilinx/vck190/production/3.0/board.xml as part xcvc1902-vsva2197-2mp-e-s specified in board_part file is either invalid or not available
WARNING: [Board 49-26] cannot add Board Part xilinx.com:vck190:part0:3.1 available at C:/Xilinx/Vivado/2023.1/data/xhub/boards/XilinxBoardStore/boards/Xilinx/vck190/production/3.1/board.xml as part xcvc1902-vsva2197-2mp-e-s specified in board_part file is either invalid or not available
WARNING: [Board 49-26] cannot add Board Part xilinx.com:vck190:part0:3.2 available at C:/Xilinx/Vivado/2023.1/data/xhub/boards/XilinxBoardStore/boards/Xilinx/vck190/production/3.2/board.xml as part xcvc1902-vsva2197-2mp-e-s specified in board_part file is either invalid or not available
WARNING: [Board 49-26] cannot add Board Part xilinx.com:vck190_newl:part0:1.0 available at C:/Xilinx/Vivado/2023.1/data/xhub/boards/XilinxBoardStore/boards/Xilinx/vck190_newl/production/1.0/board.xml as part xcvc1902-vsva2197-2mp-e-s specified in board_part file is either invalid or not available
WARNING: [Board 49-26] cannot add Board Part xilinx.com:vck190_newl:part0:1.1 available at C:/Xilinx/Vivado/2023.1/data/xhub/boards/XilinxBoardStore/boards/Xilinx/vck190_newl/production/1.1/board.xml as part xcvc1902-vsva2197-2mp-e-s specified in board_part file is either invalid or not available
WARNING: [Board 49-26] cannot add Board Part xilinx.com:vcu108:part0:1.6 available at C:/Xilinx/Vivado/2023.1/data/xhub/boards/XilinxBoardStore/boards/Xilinx/vcu108/1.6/board.xml as part xcvu095-ffva2104-2-e specified in board_part file is either invalid or not available
WARNING: [Board 49-26] cannot add Board Part xilinx.com:vcu108:part0:1.7 available at C:/Xilinx/Vivado/2023.1/data/xhub/boards/XilinxBoardStore/boards/Xilinx/vcu108/1.7/board.xml as part xcvu095-ffva2104-2-e specified in board_part file is either invalid or not available
WARNING: [Board 49-26] cannot add Board Part xilinx.com:vcu110:part0:1.4 available at C:/Xilinx/Vivado/2023.1/data/xhub/boards/XilinxBoardStore/boards/Xilinx/vcu110/1.4/board.xml as part xcvu190-flgc2104-2-e specified in board_part file is either invalid or not available
WARNING: [Board 49-26] cannot add Board Part xilinx.com:vcu118:part0:2.0 available at C:/Xilinx/Vivado/2023.1/data/xhub/boards/XilinxBoardStore/boards/Xilinx/vcu118/2.0/board.xml as part xcvu9p-flga2104-2l-e specified in board_part file is either invalid or not available
WARNING: [Board 49-26] cannot add Board Part xilinx.com:vcu118:part0:2.3 available at C:/Xilinx/Vivado/2023.1/data/xhub/boards/XilinxBoardStore/boards/Xilinx/vcu118/2.3/board.xml as part xcvu9p-flga2104-2l-e specified in board_part file is either invalid or not available
WARNING: [Board 49-26] cannot add Board Part xilinx.com:vcu118:part0:2.4 available at C:/Xilinx/Vivado/2023.1/data/xhub/boards/XilinxBoardStore/boards/Xilinx/vcu118/2.4/board.xml as part xcvu9p-flga2104-2l-e specified in board_part file is either invalid or not available
WARNING: [Board 49-26] cannot add Board Part xilinx.com:vcu129:part0:1.0 available at C:/Xilinx/Vivado/2023.1/data/xhub/boards/XilinxBoardStore/boards/Xilinx/vcu129/production/1.0/board.xml as part xcvu29p-fsga2577-2l-e specified in board_part file is either invalid or not available
WARNING: [Board 49-26] cannot add Board Part xilinx.com:vcu1525:part0:1.3 available at C:/Xilinx/Vivado/2023.1/data/xhub/boards/XilinxBoardStore/boards/Xilinx/vcu1525/1.3/board.xml as part xcvu9p-fsgd2104-2l-e specified in board_part file is either invalid or not available
WARNING: [Board 49-26] cannot add Board Part xilinx.com:vek280_es:part0:1.0 available at C:/Xilinx/Vivado/2023.1/data/xhub/boards/XilinxBoardStore/boards/Xilinx/vek280/es/rev_a/1.0/board.xml as part xcve2802-vsvh1760-2lp-e-s-es1 specified in board_part file is either invalid or not available
WARNING: [Board 49-26] cannot add Board Part xilinx.com:vek280_es:part0:1.1 available at C:/Xilinx/Vivado/2023.1/data/xhub/boards/XilinxBoardStore/boards/Xilinx/vek280/es/rev_a/1.1/board.xml as part xcve2802-vsvh1760-2lp-e-s-es1 specified in board_part file is either invalid or not available
WARNING: [Board 49-26] cannot add Board Part xilinx.com:vek280_es_revb:part0:1.0 available at C:/Xilinx/Vivado/2023.1/data/xhub/boards/XilinxBoardStore/boards/Xilinx/vek280/es/rev_b/1.0/board.xml as part xcve2802-vsvh1760-2mp-e-s-es1 specified in board_part file is either invalid or not available
WARNING: [Board 49-26] cannot add Board Part xilinx.com:vek280_es_revb:part0:1.1 available at C:/Xilinx/Vivado/2023.1/data/xhub/boards/XilinxBoardStore/boards/Xilinx/vek280/es/rev_b/1.1/board.xml as part xcve2802-vsvh1760-2mp-e-s-es1 specified in board_part file is either invalid or not available
WARNING: [Board 49-26] cannot add Board Part xilinx.com:vermeo_t1_mpsoc:part0:1.0 available at C:/Xilinx/Vivado/2023.1/data/xhub/boards/XilinxBoardStore/boards/Xilinx/vermeo_t1_mpsoc/1.0/board.xml as part xczu19eg-ffvd1760-2l-e specified in board_part file is either invalid or not available
WARNING: [Board 49-26] cannot add Board Part xilinx.com:vermeo_t1_rfsoc:part0:1.0 available at C:/Xilinx/Vivado/2023.1/data/xhub/boards/XilinxBoardStore/boards/Xilinx/vermeo_t1_rfsoc/1.0/board.xml as part xczu21dr-ffvd1156-2l-e specified in board_part file is either invalid or not available
WARNING: [Board 49-26] cannot add Board Part xilinx.com:vhk158:part0:1.0 available at C:/Xilinx/Vivado/2023.1/data/xhub/boards/XilinxBoardStore/boards/Xilinx/vhk158/production/1.0/board.xml as part xcvh1582-vsva3697-2mp-e-s specified in board_part file is either invalid or not available
WARNING: [Board 49-26] cannot add Board Part xilinx.com:vhk158_es:part0:1.0 available at C:/Xilinx/Vivado/2023.1/data/xhub/boards/XilinxBoardStore/boards/Xilinx/vhk158/es/1.0/board.xml as part xcvh1582-vsva3697-2mp-e-s-es1 specified in board_part file is either invalid or not available
WARNING: [Board 49-26] cannot add Board Part xilinx.com:vhk158_es:part0:1.1 available at C:/Xilinx/Vivado/2023.1/data/xhub/boards/XilinxBoardStore/boards/Xilinx/vhk158/es/1.1/board.xml as part xcvh1582-vsva3697-2mp-e-s-es1 specified in board_part file is either invalid or not available
WARNING: [Board 49-26] cannot add Board Part xilinx.com:vmk180:part0:2.2 available at C:/Xilinx/Vivado/2023.1/data/xhub/boards/XilinxBoardStore/boards/Xilinx/vmk180/production/2.2/board.xml as part xcvm1802-vsva2197-2mp-e-s specified in board_part file is either invalid or not available
WARNING: [Board 49-26] cannot add Board Part xilinx.com:vmk180:part0:3.0 available at C:/Xilinx/Vivado/2023.1/data/xhub/boards/XilinxBoardStore/boards/Xilinx/vmk180/production/3.0/board.xml as part xcvm1802-vsva2197-2mp-e-s specified in board_part file is either invalid or not available
WARNING: [Board 49-26] cannot add Board Part xilinx.com:vmk180:part0:3.1 available at C:/Xilinx/Vivado/2023.1/data/xhub/boards/XilinxBoardStore/boards/Xilinx/vmk180/production/3.1/board.xml as part xcvm1802-vsva2197-2mp-e-s specified in board_part file is either invalid or not available
WARNING: [Board 49-26] cannot add Board Part xilinx.com:vmk180:part0:3.2 available at C:/Xilinx/Vivado/2023.1/data/xhub/boards/XilinxBoardStore/boards/Xilinx/vmk180/production/3.2/board.xml as part xcvm1802-vsva2197-2mp-e-s specified in board_part file is either invalid or not available
WARNING: [Board 49-26] cannot add Board Part xilinx.com:vmk180_newl:part0:1.0 available at C:/Xilinx/Vivado/2023.1/data/xhub/boards/XilinxBoardStore/boards/Xilinx/vmk180_newl/production/1.0/board.xml as part xcvm1802-vsva2197-2mp-e-s specified in board_part file is either invalid or not available
WARNING: [Board 49-26] cannot add Board Part xilinx.com:vmk180_newl:part0:1.1 available at C:/Xilinx/Vivado/2023.1/data/xhub/boards/XilinxBoardStore/boards/Xilinx/vmk180_newl/production/1.1/board.xml as part xcvm1802-vsva2197-2mp-e-s specified in board_part file is either invalid or not available
WARNING: [Board 49-26] cannot add Board Part xilinx.com:vpk120:part0:1.0 available at C:/Xilinx/Vivado/2023.1/data/xhub/boards/XilinxBoardStore/boards/Xilinx/vpk120/production/1.0/board.xml as part xcvp1202-vsva2785-2mp-e-s specified in board_part file is either invalid or not available
WARNING: [Board 49-26] cannot add Board Part xilinx.com:vpk120:part0:1.1 available at C:/Xilinx/Vivado/2023.1/data/xhub/boards/XilinxBoardStore/boards/Xilinx/vpk120/production/1.1/board.xml as part xcvp1202-vsva2785-2mp-e-s specified in board_part file is either invalid or not available
WARNING: [Board 49-26] cannot add Board Part xilinx.com:vpk120_es:part0:1.2 available at C:/Xilinx/Vivado/2023.1/data/xhub/boards/XilinxBoardStore/boards/Xilinx/vpk120/es/1.2/board.xml as part xcvp1202-vsva2785-2mp-e-s-es1 specified in board_part file is either invalid or not available
WARNING: [Board 49-26] cannot add Board Part xilinx.com:vpk120_es:part0:1.3 available at C:/Xilinx/Vivado/2023.1/data/xhub/boards/XilinxBoardStore/boards/Xilinx/vpk120/es/1.3/board.xml as part xcvp1202-vsva2785-2mp-e-s-es1 specified in board_part file is either invalid or not available
WARNING: [Board 49-26] cannot add Board Part xilinx.com:vpk120_es_revb:part0:1.0 available at C:/Xilinx/Vivado/2023.1/data/xhub/boards/XilinxBoardStore/boards/Xilinx/vpk120_revb/es/1.0/board.xml as part xcvp1202-vsva2785-2mp-e-s-es1 specified in board_part file is either invalid or not available
WARNING: [Board 49-26] cannot add Board Part xilinx.com:vpk120_es_revb:part0:1.1 available at C:/Xilinx/Vivado/2023.1/data/xhub/boards/XilinxBoardStore/boards/Xilinx/vpk120_revb/es/1.1/board.xml as part xcvp1202-vsva2785-2mp-e-s-es1 specified in board_part file is either invalid or not available
WARNING: [Board 49-26] cannot add Board Part xilinx.com:vpk180:part0:1.0 available at C:/Xilinx/Vivado/2023.1/data/xhub/boards/XilinxBoardStore/boards/Xilinx/vpk180/production/1.0/board.xml as part xcvp1802-lsvc4072-2mp-e-s specified in board_part file is either invalid or not available
WARNING: [Board 49-26] cannot add Board Part xilinx.com:vpk180:part0:1.1 available at C:/Xilinx/Vivado/2023.1/data/xhub/boards/XilinxBoardStore/boards/Xilinx/vpk180/production/1.1/board.xml as part xcvp1802-lsvc4072-2mp-e-s specified in board_part file is either invalid or not available
WARNING: [Board 49-26] cannot add Board Part xilinx.com:vpk180_es:part0:1.0 available at C:/Xilinx/Vivado/2023.1/data/xhub/boards/XilinxBoardStore/boards/Xilinx/vpk180/es/1.0/board.xml as part xcvp1802-lsvc4072-2mp-e-s-es1 specified in board_part file is either invalid or not available
WARNING: [Board 49-26] cannot add Board Part xilinx.com:vpk180_es:part0:1.1 available at C:/Xilinx/Vivado/2023.1/data/xhub/boards/XilinxBoardStore/boards/Xilinx/vpk180/es/1.1/board.xml as part xcvp1802-lsvc4072-2mp-e-s-es1 specified in board_part file is either invalid or not available
WARNING: [Board 49-26] cannot add Board Part xilinx.com:zc706:part0:1.4 available at C:/Xilinx/Vivado/2023.1/data/xhub/boards/XilinxBoardStore/boards/Xilinx/zc706/1.4/board.xml as part xc7z045ffg900-2 specified in board_part file is either invalid or not available
WARNING: [Board 49-26] cannot add Board Part xilinx.com:zcu102:part0:3.3 available at C:/Xilinx/Vivado/2023.1/data/xhub/boards/XilinxBoardStore/boards/Xilinx/zcu102/3.3/board.xml as part xczu9eg-ffvb1156-2-e specified in board_part file is either invalid or not available
WARNING: [Board 49-26] cannot add Board Part xilinx.com:zcu102:part0:3.4 available at C:/Xilinx/Vivado/2023.1/data/xhub/boards/XilinxBoardStore/boards/Xilinx/zcu102/3.4/board.xml as part xczu9eg-ffvb1156-2-e specified in board_part file is either invalid or not available
WARNING: [Board 49-26] cannot add Board Part xilinx.com:zcu111:part0:1.2 available at C:/Xilinx/Vivado/2023.1/data/xhub/boards/XilinxBoardStore/boards/Xilinx/zcu111/1.2/board.xml as part xczu28dr-ffvg1517-2-e specified in board_part file is either invalid or not available
WARNING: [Board 49-26] cannot add Board Part xilinx.com:zcu111:part0:1.3 available at C:/Xilinx/Vivado/2023.1/data/xhub/boards/XilinxBoardStore/boards/Xilinx/zcu111/1.3/board.xml as part xczu28dr-ffvg1517-2-e specified in board_part file is either invalid or not available
WARNING: [Board 49-26] cannot add Board Part xilinx.com:zcu111:part0:1.4 available at C:/Xilinx/Vivado/2023.1/data/xhub/boards/XilinxBoardStore/boards/Xilinx/zcu111/1.4/board.xml as part xczu28dr-ffvg1517-2-e specified in board_part file is either invalid or not available
WARNING: [Board 49-26] cannot add Board Part xilinx.com:zcu1275:part0:1.0 available at C:/Xilinx/Vivado/2023.1/data/xhub/boards/XilinxBoardStore/boards/Xilinx/zcu1275/1.0/board.xml as part xczu29dr-ffvf1760-2-e specified in board_part file is either invalid or not available
WARNING: [Board 49-26] cannot add Board Part xilinx.com:zcu1285:part0:1.0 available at C:/Xilinx/Vivado/2023.1/data/xhub/boards/XilinxBoardStore/boards/Xilinx/zcu1285/1.0/board.xml as part xczu39dr-ffvf1760-2-i specified in board_part file is either invalid or not available
WARNING: [Board 49-26] cannot add Board Part xilinx.com:zcu208:part0:2.0 available at C:/Xilinx/Vivado/2023.1/data/xhub/boards/XilinxBoardStore/boards/Xilinx/zcu208/production/2.0/board.xml as part xczu48dr-fsvg1517-2-e specified in board_part file is either invalid or not available
WARNING: [Board 49-26] cannot add Board Part xilinx.com:zcu208ld:part0:2.0 available at C:/Xilinx/Vivado/2023.1/data/xhub/boards/XilinxBoardStore/boards/Xilinx/zcu208ld/production/2.0/board.xml as part xczu58dr-fsvg1517-2-i specified in board_part file is either invalid or not available
WARNING: [Board 49-26] cannot add Board Part xilinx.com:zcu216:part0:2.0 available at C:/Xilinx/Vivado/2023.1/data/xhub/boards/XilinxBoardStore/boards/Xilinx/zcu216/production/2.0/board.xml as part xczu49dr-ffvf1760-2-e specified in board_part file is either invalid or not available
WARNING: [Board 49-26] cannot add Board Part xilinx.com:zcu216ld:part0:2.0 available at C:/Xilinx/Vivado/2023.1/data/xhub/boards/XilinxBoardStore/boards/Xilinx/zcu216ld/production/2.0/board.xml as part xczu59dr-ffvf1760-2-i specified in board_part file is either invalid or not available
WARNING: [Board 49-26] cannot add Board Part xilinx.com:zcu670:part0:2.0 available at C:/Xilinx/Vivado/2023.1/data/xhub/boards/XilinxBoardStore/boards/Xilinx/zcu670/2.0/board.xml as part xczu67dr-fsve1156-2-i specified in board_part file is either invalid or not available
WARNING: [Board 49-26] cannot add Board Part xilinx.com:zcu670ld:part0:1.0 available at C:/Xilinx/Vivado/2023.1/data/xhub/boards/XilinxBoardStore/boards/Xilinx/zcu670ld/1.0/board.xml as part xczu57dr-fsve1156-2-i specified in board_part file is either invalid or not available
CRITICAL WARNING: [Project 1-19] Could not find the file 'C:/Users/Francisco/OneDrive/rea de Trabalho/IST-PSD/Lab3/Lab3.srcs/sources_1/imports/P3/images.coe'.
CRITICAL WARNING: [Project 1-19] Could not find the file 'C:/Users/Francisco/OneDrive/rea de Trabalho/IST-PSD/Lab3/Lab3.srcs/sources_1/imports/P3/layer1.coe'.
CRITICAL WARNING: [Project 1-19] Could not find the file 'C:/Users/Francisco/OneDrive/rea de Trabalho/IST-PSD/Lab3/Lab3.srcs/sources_1/imports/P3/layer2.coe'.
Scanning sources...
Finished scanning sources
INFO: [IP_Flow 19-234] Refreshing IP repositories
INFO: [IP_Flow 19-1704] No user IP repositories specified
INFO: [IP_Flow 19-2313] Loaded Vivado IP repository 'C:/Xilinx/Vivado/2023.1/data/ip'.
open_project: Time (s): cpu = 00:00:22 ; elapsed = 00:00:11 . Memory (MB): peak = 1486.473 ; gain = 376.863
update_compile_order -fileset sources_1
WARNING: [IP_Flow 19-4067] Ignoring invalid widget type specified checkbox.Providing a default widget
WARNING: [IP_Flow 19-4067] Ignoring invalid widget type specified checkbox.Providing a default widget
INFO: [IP_Flow 19-3484] Absolute path of file 'c:/Users/Francisco/OneDrive/rea de Trabalho/IST-PSD/Lab3/images.coe' provided. It will be converted relative to IP Instance files '../../../../images.coe'
INFO: [IP_Flow 19-3484] Absolute path of file 'c:/Users/Francisco/OneDrive/rea de Trabalho/IST-PSD/Lab3/images.coe' provided. It will be converted relative to IP Instance files '../../../../images.coe'
set_property CONFIG.Coe_File {./../../../../images.coe} [get_ips images_mem]
generate_target all [get_files  {{C:/Users/Francisco/OneDrive/rea de Trabalho/IST-PSD/Lab3/Lab3.srcs/sources_1/ip/images_mem/images_mem.xci}}]
INFO: [IP_Flow 19-1686] Generating 'Instantiation Template' target for IP 'images_mem'...
INFO: [IP_Flow 19-1686] Generating 'Synthesis' target for IP 'images_mem'...
INFO: [IP_Flow 19-1686] Generating 'Simulation' target for IP 'images_mem'...
INFO: [IP_Flow 19-1686] Generating 'Miscellaneous' target for IP 'images_mem'...
INFO: [IP_Flow 19-1686] Generating 'Change Log' target for IP 'images_mem'...
catch { config_ip_cache -export [get_ips -all images_mem] }
INFO: [IP_Flow 19-6924] IPCACHE: Running cache check for IP inst: images_mem
export_ip_user_files -of_objects [get_files {{C:/Users/Francisco/OneDrive/rea de Trabalho/IST-PSD/Lab3/Lab3.srcs/sources_1/ip/images_mem/images_mem.xci}}] -no_script -sync -force -quiet
create_ip_run [get_files -of_objects [get_fileset sources_1] {{C:/Users/Francisco/OneDrive/rea de Trabalho/IST-PSD/Lab3/Lab3.srcs/sources_1/ip/images_mem/images_mem.xci}}]
launch_runs images_mem_synth_1 -jobs 3
INFO: [IP_Flow 19-6924] IPCACHE: Running cache check for IP inst: images_mem
[Wed Oct 25 15:05:57 2023] Launched images_mem_synth_1...
Run output will be captured here: C:/Users/Francisco/OneDrive/rea de Trabalho/IST-PSD/Lab3/Lab3.runs/images_mem_synth_1/runme.log
export_simulation -of_objects [get_files {{C:/Users/Francisco/OneDrive/rea de Trabalho/IST-PSD/Lab3/Lab3.srcs/sources_1/ip/images_mem/images_mem.xci}}] -directory {C:/Users/Francisco/OneDrive/rea de Trabalho/IST-PSD/Lab3/Lab3.ip_user_files/sim_scripts} -ip_user_files_dir {C:/Users/Francisco/OneDrive/rea de Trabalho/IST-PSD/Lab3/Lab3.ip_user_files} -ipstatic_source_dir {C:/Users/Francisco/OneDrive/rea de Trabalho/IST-PSD/Lab3/Lab3.ip_user_files/ipstatic} -lib_map_path [list {modelsim=C:/Users/Francisco/OneDrive/rea de Trabalho/IST-PSD/Lab3/Lab3.cache/compile_simlib/modelsim} {questa=C:/Users/Francisco/OneDrive/rea de Trabalho/IST-PSD/Lab3/Lab3.cache/compile_simlib/questa} {riviera=C:/Users/Francisco/OneDrive/rea de Trabalho/IST-PSD/Lab3/Lab3.cache/compile_simlib/riviera} {activehdl=C:/Users/Francisco/OneDrive/rea de Trabalho/IST-PSD/Lab3/Lab3.cache/compile_simlib/activehdl}] -use_ip_compiled_libs -force -quiet
WARNING: [IP_Flow 19-4067] Ignoring invalid widget type specified checkbox.Providing a default widget
WARNING: [IP_Flow 19-4067] Ignoring invalid widget type specified checkbox.Providing a default widget
set_property CONFIG.Coe_File {./../../../../layer1.coe} [get_ips weights1]
generate_target all [get_files  {{C:/Users/Francisco/OneDrive/rea de Trabalho/IST-PSD/Lab3/Lab3.srcs/sources_1/ip/weights1/weights1.xci}}]
INFO: [IP_Flow 19-1686] Generating 'Instantiation Template' target for IP 'weights1'...
INFO: [IP_Flow 19-1686] Generating 'Synthesis' target for IP 'weights1'...
INFO: [IP_Flow 19-1686] Generating 'Simulation' target for IP 'weights1'...
INFO: [IP_Flow 19-1686] Generating 'Miscellaneous' target for IP 'weights1'...
INFO: [IP_Flow 19-1686] Generating 'Change Log' target for IP 'weights1'...
catch { config_ip_cache -export [get_ips -all weights1] }
INFO: [IP_Flow 19-6924] IPCACHE: Running cache check for IP inst: weights1
export_ip_user_files -of_objects [get_files {{C:/Users/Francisco/OneDrive/rea de Trabalho/IST-PSD/Lab3/Lab3.srcs/sources_1/ip/weights1/weights1.xci}}] -no_script -sync -force -quiet
create_ip_run [get_files -of_objects [get_fileset sources_1] {{C:/Users/Francisco/OneDrive/rea de Trabalho/IST-PSD/Lab3/Lab3.srcs/sources_1/ip/weights1/weights1.xci}}]
launch_runs weights1_synth_1 -jobs 3
INFO: [IP_Flow 19-6924] IPCACHE: Running cache check for IP inst: weights1
[Wed Oct 25 15:07:08 2023] Launched weights1_synth_1...
Run output will be captured here: C:/Users/Francisco/OneDrive/rea de Trabalho/IST-PSD/Lab3/Lab3.runs/weights1_synth_1/runme.log
export_simulation -of_objects [get_files {{C:/Users/Francisco/OneDrive/rea de Trabalho/IST-PSD/Lab3/Lab3.srcs/sources_1/ip/weights1/weights1.xci}}] -directory {C:/Users/Francisco/OneDrive/rea de Trabalho/IST-PSD/Lab3/Lab3.ip_user_files/sim_scripts} -ip_user_files_dir {C:/Users/Francisco/OneDrive/rea de Trabalho/IST-PSD/Lab3/Lab3.ip_user_files} -ipstatic_source_dir {C:/Users/Francisco/OneDrive/rea de Trabalho/IST-PSD/Lab3/Lab3.ip_user_files/ipstatic} -lib_map_path [list {modelsim=C:/Users/Francisco/OneDrive/rea de Trabalho/IST-PSD/Lab3/Lab3.cache/compile_simlib/modelsim} {questa=C:/Users/Francisco/OneDrive/rea de Trabalho/IST-PSD/Lab3/Lab3.cache/compile_simlib/questa} {riviera=C:/Users/Francisco/OneDrive/rea de Trabalho/IST-PSD/Lab3/Lab3.cache/compile_simlib/riviera} {activehdl=C:/Users/Francisco/OneDrive/rea de Trabalho/IST-PSD/Lab3/Lab3.cache/compile_simlib/activehdl}] -use_ip_compiled_libs -force -quiet
WARNING: [IP_Flow 19-4067] Ignoring invalid widget type specified checkbox.Providing a default widget
WARNING: [IP_Flow 19-4067] Ignoring invalid widget type specified checkbox.Providing a default widget
set_property CONFIG.Coe_File {../../../../layer2.coe} [get_ips weights2]
generate_target all [get_files  {{C:/Users/Francisco/OneDrive/rea de Trabalho/IST-PSD/Lab3/Lab3.srcs/sources_1/ip/weights2/weights2.xci}}]
INFO: [IP_Flow 19-1686] Generating 'Instantiation Template' target for IP 'weights2'...
INFO: [IP_Flow 19-1686] Generating 'Synthesis' target for IP 'weights2'...
INFO: [IP_Flow 19-1686] Generating 'Simulation' target for IP 'weights2'...
INFO: [IP_Flow 19-1686] Generating 'Miscellaneous' target for IP 'weights2'...
INFO: [IP_Flow 19-1686] Generating 'Change Log' target for IP 'weights2'...
catch { config_ip_cache -export [get_ips -all weights2] }
INFO: [IP_Flow 19-6924] IPCACHE: Running cache check for IP inst: weights2
export_ip_user_files -of_objects [get_files {{C:/Users/Francisco/OneDrive/rea de Trabalho/IST-PSD/Lab3/Lab3.srcs/sources_1/ip/weights2/weights2.xci}}] -no_script -sync -force -quiet
create_ip_run [get_files -of_objects [get_fileset sources_1] {{C:/Users/Francisco/OneDrive/rea de Trabalho/IST-PSD/Lab3/Lab3.srcs/sources_1/ip/weights2/weights2.xci}}]
launch_runs weights2_synth_1 -jobs 3
INFO: [IP_Flow 19-6924] IPCACHE: Running cache check for IP inst: weights2
[Wed Oct 25 15:07:27 2023] Launched weights2_synth_1...
Run output will be captured here: C:/Users/Francisco/OneDrive/rea de Trabalho/IST-PSD/Lab3/Lab3.runs/weights2_synth_1/runme.log
export_simulation -of_objects [get_files {{C:/Users/Francisco/OneDrive/rea de Trabalho/IST-PSD/Lab3/Lab3.srcs/sources_1/ip/weights2/weights2.xci}}] -directory {C:/Users/Francisco/OneDrive/rea de Trabalho/IST-PSD/Lab3/Lab3.ip_user_files/sim_scripts} -ip_user_files_dir {C:/Users/Francisco/OneDrive/rea de Trabalho/IST-PSD/Lab3/Lab3.ip_user_files} -ipstatic_source_dir {C:/Users/Francisco/OneDrive/rea de Trabalho/IST-PSD/Lab3/Lab3.ip_user_files/ipstatic} -lib_map_path [list {modelsim=C:/Users/Francisco/OneDrive/rea de Trabalho/IST-PSD/Lab3/Lab3.cache/compile_simlib/modelsim} {questa=C:/Users/Francisco/OneDrive/rea de Trabalho/IST-PSD/Lab3/Lab3.cache/compile_simlib/questa} {riviera=C:/Users/Francisco/OneDrive/rea de Trabalho/IST-PSD/Lab3/Lab3.cache/compile_simlib/riviera} {activehdl=C:/Users/Francisco/OneDrive/rea de Trabalho/IST-PSD/Lab3/Lab3.cache/compile_simlib/activehdl}] -use_ip_compiled_libs -force -quiet
WARNING: [IP_Flow 19-4067] Ignoring invalid widget type specified checkbox.Providing a default widget
WARNING: [IP_Flow 19-4067] Ignoring invalid widget type specified checkbox.Providing a default widget
exit
INFO: [Common 17-206] Exiting Vivado at Wed Oct 25 16:39:54 2023...
