
*** Running vivado
    with args -log circuito.vdi -applog -m64 -product Vivado -messageDb vivado.pb -mode batch -source circuito.tcl -notrace


****** Vivado v2023.1 (64-bit)
  **** SW Build 3865809 on Sun May  7 15:04:56 MDT 2023
  **** IP Build 3864474 on Sun May  7 20:36:21 MDT 2023
  **** SharedData Build 3865790 on Sun May 07 13:33:03 MDT 2023
    ** Copyright 1986-2022 Xilinx, Inc. All Rights Reserved.
    ** Copyright 2022-2023 Advanced Micro Devices, Inc. All Rights Reserved.

source circuito.tcl -notrace
create_project: Time (s): cpu = 00:00:25 ; elapsed = 00:00:26 . Memory (MB): peak = 1334.875 ; gain = 0.023 ; free physical = 7730 ; free virtual = 11661
Command: link_design -top circuito -part xc7a35tcpg236-1
Design is defaulting to srcset: sources_1
Design is defaulting to constrset: constrs_1
INFO: [Device 21-403] Loading part xc7a35tcpg236-1
Netlist sorting complete. Time (s): cpu = 00:00:00.01 ; elapsed = 00:00:00.01 . Memory (MB): peak = 1616.008 ; gain = 0.000 ; free physical = 7328 ; free virtual = 11264
INFO: [Netlist 29-17] Analyzing 41 Unisim elements for replacement
INFO: [Netlist 29-28] Unisim Transformation completed in 0 CPU seconds
INFO: [Project 1-479] Netlist was created with Vivado 2023.1
INFO: [Project 1-570] Preparing netlist for logic optimization
Parsing XDC File [/home/jbcr/Desktop/IST/MEng/PSD/Projects/Lab2/Basys3_Master.xdc]
Finished Parsing XDC File [/home/jbcr/Desktop/IST/MEng/PSD/Projects/Lab2/Basys3_Master.xdc]
INFO: [Opt 31-138] Pushed 0 inverter(s) to 0 load pin(s).
Netlist sorting complete. Time (s): cpu = 00:00:00 ; elapsed = 00:00:00 . Memory (MB): peak = 1774.504 ; gain = 0.000 ; free physical = 7206 ; free virtual = 11152
INFO: [Project 1-111] Unisim Transformation Summary:
No Unisim elements were transformed.

7 Infos, 0 Warnings, 0 Critical Warnings and 0 Errors encountered.
link_design completed successfully
link_design: Time (s): cpu = 00:00:15 ; elapsed = 00:00:16 . Memory (MB): peak = 1780.441 ; gain = 445.566 ; free physical = 7197 ; free virtual = 11143
Command: opt_design
Attempting to get a license for feature 'Implementation' and/or device 'xc7a35t'
INFO: [Common 17-349] Got license for feature 'Implementation' and/or device 'xc7a35t'
Running DRC as a precondition to command opt_design

Starting DRC Task
INFO: [DRC 23-27] Running DRC with 8 threads
INFO: [Project 1-461] DRC finished with 0 Errors
INFO: [Project 1-462] Please refer to the DRC report (report_drc) for more information.

Time (s): cpu = 00:00:03 ; elapsed = 00:00:02 . Memory (MB): peak = 1859.348 ; gain = 78.906 ; free physical = 7172 ; free virtual = 11118

Starting Cache Timing Information Task
INFO: [Timing 38-35] Done setting XDC timing constraints.
Ending Cache Timing Information Task | Checksum: 756a4267

Time (s): cpu = 00:00:19 ; elapsed = 00:00:20 . Memory (MB): peak = 2358.168 ; gain = 498.820 ; free physical = 6756 ; free virtual = 10680

Starting Logic Optimization Task

Phase 1 Retarget
INFO: [Opt 31-138] Pushed 0 inverter(s) to 0 load pin(s).
INFO: [Opt 31-49] Retargeted 0 cell(s).
Phase 1 Retarget | Checksum: 756a4267

Time (s): cpu = 00:00:00.14 ; elapsed = 00:00:00.09 . Memory (MB): peak = 2645.027 ; gain = 0.000 ; free physical = 6473 ; free virtual = 10397
INFO: [Opt 31-389] Phase Retarget created 0 cells and removed 0 cells

Phase 2 Constant propagation
INFO: [Opt 31-138] Pushed 0 inverter(s) to 0 load pin(s).
Phase 2 Constant propagation | Checksum: 701cbb10

Time (s): cpu = 00:00:00.15 ; elapsed = 00:00:00.1 . Memory (MB): peak = 2645.027 ; gain = 0.000 ; free physical = 6473 ; free virtual = 10397
INFO: [Opt 31-389] Phase Constant propagation created 0 cells and removed 0 cells

Phase 3 Sweep
Phase 3 Sweep | Checksum: 76cd6029

Time (s): cpu = 00:00:00.18 ; elapsed = 00:00:00.13 . Memory (MB): peak = 2645.027 ; gain = 0.000 ; free physical = 6473 ; free virtual = 10397
INFO: [Opt 31-389] Phase Sweep created 0 cells and removed 0 cells

Phase 4 BUFG optimization
Phase 4 BUFG optimization | Checksum: 76cd6029

Time (s): cpu = 00:00:00.21 ; elapsed = 00:00:00.15 . Memory (MB): peak = 2677.043 ; gain = 32.016 ; free physical = 6473 ; free virtual = 10397
INFO: [Opt 31-662] Phase BUFG optimization created 0 cells of which 0 are BUFGs and removed 0 cells.

Phase 5 Shift Register Optimization
INFO: [Opt 31-1064] SRL Remap converted 0 SRLs to 0 registers and converted 0 registers of register chains to 0 SRLs
Phase 5 Shift Register Optimization | Checksum: 120714e13

Time (s): cpu = 00:00:00.32 ; elapsed = 00:00:00.22 . Memory (MB): peak = 2677.043 ; gain = 32.016 ; free physical = 6473 ; free virtual = 10397
INFO: [Opt 31-389] Phase Shift Register Optimization created 0 cells and removed 0 cells

Phase 6 Post Processing Netlist
Phase 6 Post Processing Netlist | Checksum: 120714e13

Time (s): cpu = 00:00:00.32 ; elapsed = 00:00:00.23 . Memory (MB): peak = 2677.043 ; gain = 32.016 ; free physical = 6473 ; free virtual = 10397
INFO: [Opt 31-389] Phase Post Processing Netlist created 0 cells and removed 0 cells
Opt_design Change Summary
=========================


-------------------------------------------------------------------------------------------------------------------------
|  Phase                        |  #Cells created  |  #Cells Removed  |  #Constrained objects preventing optimizations  |
-------------------------------------------------------------------------------------------------------------------------
|  Retarget                     |               0  |               0  |                                              0  |
|  Constant propagation         |               0  |               0  |                                              0  |
|  Sweep                        |               0  |               0  |                                              0  |
|  BUFG optimization            |               0  |               0  |                                              0  |
|  Shift Register Optimization  |               0  |               0  |                                              0  |
|  Post Processing Netlist      |               0  |               0  |                                              0  |
-------------------------------------------------------------------------------------------------------------------------



Starting Connectivity Check Task

Time (s): cpu = 00:00:00 ; elapsed = 00:00:00.01 . Memory (MB): peak = 2677.043 ; gain = 0.000 ; free physical = 6473 ; free virtual = 10397
Ending Logic Optimization Task | Checksum: 120714e13

Time (s): cpu = 00:00:00.33 ; elapsed = 00:00:00.24 . Memory (MB): peak = 2677.043 ; gain = 32.016 ; free physical = 6473 ; free virtual = 10397

Starting Power Optimization Task
INFO: [Pwropt 34-132] Skipping clock gating for clocks with a period < 2.00 ns.
Ending Power Optimization Task | Checksum: 120714e13

Time (s): cpu = 00:00:00.01 ; elapsed = 00:00:00.02 . Memory (MB): peak = 2677.043 ; gain = 0.000 ; free physical = 6473 ; free virtual = 10397

Starting Final Cleanup Task
Ending Final Cleanup Task | Checksum: 120714e13

Time (s): cpu = 00:00:00 ; elapsed = 00:00:00 . Memory (MB): peak = 2677.043 ; gain = 0.000 ; free physical = 6473 ; free virtual = 10397

Starting Netlist Obfuscation Task
Netlist sorting complete. Time (s): cpu = 00:00:00 ; elapsed = 00:00:00 . Memory (MB): peak = 2677.043 ; gain = 0.000 ; free physical = 6473 ; free virtual = 10397
Ending Netlist Obfuscation Task | Checksum: 120714e13

Time (s): cpu = 00:00:00 ; elapsed = 00:00:00.01 . Memory (MB): peak = 2677.043 ; gain = 0.000 ; free physical = 6473 ; free virtual = 10397
INFO: [Common 17-83] Releasing license: Implementation
24 Infos, 0 Warnings, 0 Critical Warnings and 0 Errors encountered.
opt_design completed successfully
opt_design: Time (s): cpu = 00:00:29 ; elapsed = 00:00:29 . Memory (MB): peak = 2677.043 ; gain = 896.602 ; free physical = 6473 ; free virtual = 10397
INFO: [runtcl-4] Executing : report_drc -file circuito_drc_opted.rpt -pb circuito_drc_opted.pb -rpx circuito_drc_opted.rpx
Command: report_drc -file circuito_drc_opted.rpt -pb circuito_drc_opted.pb -rpx circuito_drc_opted.rpx
INFO: [IP_Flow 19-234] Refreshing IP repositories
INFO: [IP_Flow 19-1704] No user IP repositories specified
INFO: [IP_Flow 19-2313] Loaded Vivado IP repository '/mnt2/vivado/Vivado/2023.1/data/ip'.
INFO: [DRC 23-27] Running DRC with 8 threads
INFO: [Vivado_Tcl 2-168] The results of DRC are in file /home/jbcr/Desktop/IST/MEng/PSD/Projects/Lab2/Lab2.runs/impl_1/circuito_drc_opted.rpt.
report_drc completed successfully
INFO: [Timing 38-480] Writing timing data to binary archive.
INFO: [Common 17-1381] The checkpoint '/home/jbcr/Desktop/IST/MEng/PSD/Projects/Lab2/Lab2.runs/impl_1/circuito_opt.dcp' has been generated.
Command: place_design
Attempting to get a license for feature 'Implementation' and/or device 'xc7a35t'
INFO: [Common 17-349] Got license for feature 'Implementation' and/or device 'xc7a35t'
INFO: [DRC 23-27] Running DRC with 8 threads
INFO: [Vivado_Tcl 4-198] DRC finished with 0 Errors
INFO: [Vivado_Tcl 4-199] Please refer to the DRC report (report_drc) for more information.
Running DRC as a precondition to command place_design
INFO: [DRC 23-27] Running DRC with 8 threads
INFO: [Vivado_Tcl 4-198] DRC finished with 0 Errors
INFO: [Vivado_Tcl 4-199] Please refer to the DRC report (report_drc) for more information.

Starting Placer Task
INFO: [Place 30-611] Multithreading enabled for place_design using a maximum of 8 CPUs

Phase 1 Placer Initialization

Phase 1.1 Placer Initialization Netlist Sorting
Netlist sorting complete. Time (s): cpu = 00:00:00 ; elapsed = 00:00:00 . Memory (MB): peak = 2725.066 ; gain = 0.000 ; free physical = 6436 ; free virtual = 10371
Phase 1.1 Placer Initialization Netlist Sorting | Checksum: 74bad750

Time (s): cpu = 00:00:00.01 ; elapsed = 00:00:00.01 . Memory (MB): peak = 2725.066 ; gain = 0.000 ; free physical = 6436 ; free virtual = 10371
Netlist sorting complete. Time (s): cpu = 00:00:00 ; elapsed = 00:00:00 . Memory (MB): peak = 2725.066 ; gain = 0.000 ; free physical = 6436 ; free virtual = 10371

Phase 1.2 IO Placement/ Clock Placement/ Build Placer Device
INFO: [Timing 38-35] Done setting XDC timing constraints.
Phase 1.2 IO Placement/ Clock Placement/ Build Placer Device | Checksum: 1166ab328

Time (s): cpu = 00:00:02 ; elapsed = 00:00:00.93 . Memory (MB): peak = 2725.066 ; gain = 0.000 ; free physical = 6430 ; free virtual = 10363

Phase 1.3 Build Placer Netlist Model
Phase 1.3 Build Placer Netlist Model | Checksum: 1a22c489f

Time (s): cpu = 00:00:02 ; elapsed = 00:00:01 . Memory (MB): peak = 2732.094 ; gain = 7.027 ; free physical = 6436 ; free virtual = 10368

Phase 1.4 Constrain Clocks/Macros
Phase 1.4 Constrain Clocks/Macros | Checksum: 1a22c489f

Time (s): cpu = 00:00:02 ; elapsed = 00:00:01 . Memory (MB): peak = 2732.094 ; gain = 7.027 ; free physical = 6436 ; free virtual = 10368
Phase 1 Placer Initialization | Checksum: 1a22c489f

Time (s): cpu = 00:00:02 ; elapsed = 00:00:01 . Memory (MB): peak = 2732.094 ; gain = 7.027 ; free physical = 6436 ; free virtual = 10368

Phase 2 Global Placement

Phase 2.1 Floorplanning
Phase 2.1 Floorplanning | Checksum: 1438ad0cb

Time (s): cpu = 00:00:03 ; elapsed = 00:00:01 . Memory (MB): peak = 2732.094 ; gain = 7.027 ; free physical = 6434 ; free virtual = 10367

Phase 2.2 Update Timing before SLR Path Opt
Phase 2.2 Update Timing before SLR Path Opt | Checksum: 183b844b5

Time (s): cpu = 00:00:03 ; elapsed = 00:00:02 . Memory (MB): peak = 2732.094 ; gain = 7.027 ; free physical = 6434 ; free virtual = 10367

Phase 2.3 Post-Processing in Floorplanning
Phase 2.3 Post-Processing in Floorplanning | Checksum: 183b844b5

Time (s): cpu = 00:00:03 ; elapsed = 00:00:02 . Memory (MB): peak = 2732.094 ; gain = 7.027 ; free physical = 6434 ; free virtual = 10367

Phase 2.4 Global Placement Core

Phase 2.4.1 UpdateTiming Before Physical Synthesis
Phase 2.4.1 UpdateTiming Before Physical Synthesis | Checksum: 194bb6fba

Time (s): cpu = 00:00:06 ; elapsed = 00:00:03 . Memory (MB): peak = 2732.094 ; gain = 7.027 ; free physical = 6416 ; free virtual = 10353

Phase 2.4.2 Physical Synthesis In Placer
INFO: [Physopt 32-1035] Found 0 LUTNM shape to break, 15 LUT instances to create LUTNM shape
INFO: [Physopt 32-1044] Break lutnm for timing: one critical 0, two critical 0, total 0, new lutff created 0
INFO: [Physopt 32-1138] End 1 Pass. Optimized 7 nets or LUTs. Breaked 0 LUT, combined 7 existing LUTs and moved 0 existing LUT
INFO: [Physopt 32-65] No nets found for high-fanout optimization.
INFO: [Physopt 32-232] Optimized 0 net. Created 0 new instance.
INFO: [Physopt 32-775] End 1 Pass. Optimized 0 net or cell. Created 0 new cell, deleted 0 existing cell and moved 0 existing cell
INFO: [Physopt 32-670] No setup violation found.  DSP Register Optimization was not performed.
INFO: [Physopt 32-670] No setup violation found.  Shift Register to Pipeline Optimization was not performed.
INFO: [Physopt 32-670] No setup violation found.  Shift Register Optimization was not performed.
INFO: [Physopt 32-670] No setup violation found.  BRAM Register Optimization was not performed.
INFO: [Physopt 32-670] No setup violation found.  URAM Register Optimization was not performed.
INFO: [Physopt 32-949] No candidate nets found for dynamic/static region interface net replication
INFO: [Physopt 32-775] End 1 Pass. Optimized 0 net or cell. Created 0 new cell, deleted 0 existing cell and moved 0 existing cell
Netlist sorting complete. Time (s): cpu = 00:00:00 ; elapsed = 00:00:00 . Memory (MB): peak = 2732.094 ; gain = 0.000 ; free physical = 6404 ; free virtual = 10352

Summary of Physical Synthesis Optimizations
============================================


-----------------------------------------------------------------------------------------------------------------------------------------------------------
|  Optimization                                     |  Added Cells  |  Removed Cells  |  Optimized Cells/Nets  |  Dont Touch  |  Iterations  |  Elapsed   |
-----------------------------------------------------------------------------------------------------------------------------------------------------------
|  LUT Combining                                    |            0  |              7  |                     7  |           0  |           1  |  00:00:00  |
|  Retime                                           |            0  |              0  |                     0  |           0  |           1  |  00:00:00  |
|  Very High Fanout                                 |            0  |              0  |                     0  |           0  |           1  |  00:00:00  |
|  DSP Register                                     |            0  |              0  |                     0  |           0  |           0  |  00:00:00  |
|  Shift Register to Pipeline                       |            0  |              0  |                     0  |           0  |           0  |  00:00:00  |
|  Shift Register                                   |            0  |              0  |                     0  |           0  |           0  |  00:00:00  |
|  BRAM Register                                    |            0  |              0  |                     0  |           0  |           0  |  00:00:00  |
|  URAM Register                                    |            0  |              0  |                     0  |           0  |           0  |  00:00:00  |
|  Dynamic/Static Region Interface Net Replication  |            0  |              0  |                     0  |           0  |           1  |  00:00:00  |
|  Total                                            |            0  |              7  |                     7  |           0  |           4  |  00:00:00  |
-----------------------------------------------------------------------------------------------------------------------------------------------------------


Phase 2.4.2 Physical Synthesis In Placer | Checksum: 175d9094a

Time (s): cpu = 00:00:07 ; elapsed = 00:00:04 . Memory (MB): peak = 2732.094 ; gain = 7.027 ; free physical = 6402 ; free virtual = 10350
Phase 2.4 Global Placement Core | Checksum: 1436eb8d1

Time (s): cpu = 00:00:11 ; elapsed = 00:00:05 . Memory (MB): peak = 2732.094 ; gain = 7.027 ; free physical = 6393 ; free virtual = 10344
Phase 2 Global Placement | Checksum: 1436eb8d1

Time (s): cpu = 00:00:11 ; elapsed = 00:00:05 . Memory (MB): peak = 2732.094 ; gain = 7.027 ; free physical = 6393 ; free virtual = 10344

Phase 3 Detail Placement

Phase 3.1 Commit Multi Column Macros
Phase 3.1 Commit Multi Column Macros | Checksum: dd21bd15

Time (s): cpu = 00:00:12 ; elapsed = 00:00:05 . Memory (MB): peak = 2732.094 ; gain = 7.027 ; free physical = 6393 ; free virtual = 10344

Phase 3.2 Commit Most Macros & LUTRAMs
Phase 3.2 Commit Most Macros & LUTRAMs | Checksum: 96c64bdf

Time (s): cpu = 00:00:12 ; elapsed = 00:00:05 . Memory (MB): peak = 2732.094 ; gain = 7.027 ; free physical = 6392 ; free virtual = 10344

Phase 3.3 Area Swap Optimization
Phase 3.3 Area Swap Optimization | Checksum: d6a2f0fa

Time (s): cpu = 00:00:12 ; elapsed = 00:00:05 . Memory (MB): peak = 2732.094 ; gain = 7.027 ; free physical = 6392 ; free virtual = 10344

Phase 3.4 Pipeline Register Optimization
Phase 3.4 Pipeline Register Optimization | Checksum: 15fc7ea57

Time (s): cpu = 00:00:12 ; elapsed = 00:00:05 . Memory (MB): peak = 2732.094 ; gain = 7.027 ; free physical = 6392 ; free virtual = 10344

Phase 3.5 Small Shape Detail Placement
Phase 3.5 Small Shape Detail Placement | Checksum: 20668a6d2

Time (s): cpu = 00:00:13 ; elapsed = 00:00:05 . Memory (MB): peak = 2732.094 ; gain = 7.027 ; free physical = 6403 ; free virtual = 10352

Phase 3.6 Re-assign LUT pins
Phase 3.6 Re-assign LUT pins | Checksum: 1c9000d6c

Time (s): cpu = 00:00:13 ; elapsed = 00:00:05 . Memory (MB): peak = 2732.094 ; gain = 7.027 ; free physical = 6403 ; free virtual = 10352

Phase 3.7 Pipeline Register Optimization
Phase 3.7 Pipeline Register Optimization | Checksum: 147d7050f

Time (s): cpu = 00:00:13 ; elapsed = 00:00:05 . Memory (MB): peak = 2732.094 ; gain = 7.027 ; free physical = 6403 ; free virtual = 10352
Phase 3 Detail Placement | Checksum: 147d7050f

Time (s): cpu = 00:00:13 ; elapsed = 00:00:05 . Memory (MB): peak = 2732.094 ; gain = 7.027 ; free physical = 6403 ; free virtual = 10352

Phase 4 Post Placement Optimization and Clean-Up

Phase 4.1 Post Commit Optimization
INFO: [Timing 38-35] Done setting XDC timing constraints.

Phase 4.1.1 Post Placement Optimization
Post Placement Optimization Initialization | Checksum: 2006b95b1

Phase 4.1.1.1 BUFG Insertion

Starting Physical Synthesis Task

Phase 1 Physical Synthesis Initialization
INFO: [Physopt 32-721] Multithreading enabled for phys_opt_design using a maximum of 8 CPUs
INFO: [Physopt 32-619] Estimated Timing Summary | WNS=2.172 | TNS=0.000 |
Phase 1 Physical Synthesis Initialization | Checksum: 245ba351a

Time (s): cpu = 00:00:00.14 ; elapsed = 00:00:00.07 . Memory (MB): peak = 2732.094 ; gain = 0.000 ; free physical = 6400 ; free virtual = 10346
INFO: [Place 46-56] BUFG insertion identified 0 candidate nets. Inserted BUFG: 0, Replicated BUFG Driver: 0, Skipped due to Placement/Routing Conflicts: 0, Skipped due to Timing Degradation: 0, Skipped due to netlist editing failed: 0.
Ending Physical Synthesis Task | Checksum: 245ba351a

Time (s): cpu = 00:00:00.15 ; elapsed = 00:00:00.08 . Memory (MB): peak = 2732.094 ; gain = 0.000 ; free physical = 6399 ; free virtual = 10345
Phase 4.1.1.1 BUFG Insertion | Checksum: 2006b95b1

Time (s): cpu = 00:00:14 ; elapsed = 00:00:06 . Memory (MB): peak = 2732.094 ; gain = 7.027 ; free physical = 6399 ; free virtual = 10345

Phase 4.1.1.2 Post Placement Timing Optimization
INFO: [Place 30-746] Post Placement Timing Summary WNS=2.172. For the most accurate timing information please run report_timing.
Phase 4.1.1.2 Post Placement Timing Optimization | Checksum: 20a5443fa

Time (s): cpu = 00:00:14 ; elapsed = 00:00:06 . Memory (MB): peak = 2732.094 ; gain = 7.027 ; free physical = 6397 ; free virtual = 10343

Time (s): cpu = 00:00:14 ; elapsed = 00:00:06 . Memory (MB): peak = 2732.094 ; gain = 7.027 ; free physical = 6397 ; free virtual = 10343
Phase 4.1 Post Commit Optimization | Checksum: 20a5443fa

Time (s): cpu = 00:00:14 ; elapsed = 00:00:06 . Memory (MB): peak = 2732.094 ; gain = 7.027 ; free physical = 6396 ; free virtual = 10342

Phase 4.2 Post Placement Cleanup
Phase 4.2 Post Placement Cleanup | Checksum: 20a5443fa

Time (s): cpu = 00:00:14 ; elapsed = 00:00:06 . Memory (MB): peak = 2732.094 ; gain = 7.027 ; free physical = 6394 ; free virtual = 10340

Phase 4.3 Placer Reporting

Phase 4.3.1 Print Estimated Congestion
INFO: [Place 30-612] Post-Placement Estimated Congestion 
 ____________________________________________________
|           | Global Congestion | Short Congestion  |
| Direction | Region Size       | Region Size       |
|___________|___________________|___________________|
|      North|                1x1|                2x2|
|___________|___________________|___________________|
|      South|                1x1|                1x1|
|___________|___________________|___________________|
|       East|                1x1|                1x1|
|___________|___________________|___________________|
|       West|                1x1|                1x1|
|___________|___________________|___________________|

Phase 4.3.1 Print Estimated Congestion | Checksum: 20a5443fa

Time (s): cpu = 00:00:14 ; elapsed = 00:00:06 . Memory (MB): peak = 2732.094 ; gain = 7.027 ; free physical = 6394 ; free virtual = 10340
Phase 4.3 Placer Reporting | Checksum: 20a5443fa

Time (s): cpu = 00:00:14 ; elapsed = 00:00:06 . Memory (MB): peak = 2732.094 ; gain = 7.027 ; free physical = 6394 ; free virtual = 10340

Phase 4.4 Final Placement Cleanup
Netlist sorting complete. Time (s): cpu = 00:00:00 ; elapsed = 00:00:00 . Memory (MB): peak = 2732.094 ; gain = 0.000 ; free physical = 6394 ; free virtual = 10340

Time (s): cpu = 00:00:14 ; elapsed = 00:00:06 . Memory (MB): peak = 2732.094 ; gain = 7.027 ; free physical = 6394 ; free virtual = 10340
Phase 4 Post Placement Optimization and Clean-Up | Checksum: 145132bad

Time (s): cpu = 00:00:14 ; elapsed = 00:00:06 . Memory (MB): peak = 2732.094 ; gain = 7.027 ; free physical = 6394 ; free virtual = 10340
Ending Placer Task | Checksum: d4c2a60a

Time (s): cpu = 00:00:14 ; elapsed = 00:00:06 . Memory (MB): peak = 2732.094 ; gain = 7.027 ; free physical = 6394 ; free virtual = 10340
INFO: [Common 17-83] Releasing license: Implementation
61 Infos, 0 Warnings, 0 Critical Warnings and 0 Errors encountered.
place_design completed successfully
place_design: Time (s): cpu = 00:00:17 ; elapsed = 00:00:08 . Memory (MB): peak = 2732.094 ; gain = 23.035 ; free physical = 6394 ; free virtual = 10340
INFO: [runtcl-4] Executing : report_io -file circuito_io_placed.rpt
report_io: Time (s): cpu = 00:00:00.3 ; elapsed = 00:00:00.37 . Memory (MB): peak = 2732.094 ; gain = 0.000 ; free physical = 6387 ; free virtual = 10334
INFO: [runtcl-4] Executing : report_utilization -file circuito_utilization_placed.rpt -pb circuito_utilization_placed.pb
INFO: [runtcl-4] Executing : report_control_sets -verbose -file circuito_control_sets_placed.rpt
report_control_sets: Time (s): cpu = 00:00:00.03 ; elapsed = 00:00:00.1 . Memory (MB): peak = 2732.094 ; gain = 0.000 ; free physical = 6393 ; free virtual = 10330
INFO: [Timing 38-480] Writing timing data to binary archive.
Writing XDEF routing.
Writing XDEF routing logical nets.
Writing XDEF routing special nets.
Write XDEF Complete: Time (s): cpu = 00:00:00.5 ; elapsed = 00:00:00.16 . Memory (MB): peak = 2732.094 ; gain = 0.000 ; free physical = 6393 ; free virtual = 10331
INFO: [Common 17-1381] The checkpoint '/home/jbcr/Desktop/IST/MEng/PSD/Projects/Lab2/Lab2.runs/impl_1/circuito_placed.dcp' has been generated.
Command: phys_opt_design
Attempting to get a license for feature 'Implementation' and/or device 'xc7a35t'
INFO: [Common 17-349] Got license for feature 'Implementation' and/or device 'xc7a35t'

Starting Initial Update Timing Task

Time (s): cpu = 00:00:00.38 ; elapsed = 00:00:00.25 . Memory (MB): peak = 2732.094 ; gain = 0.000 ; free physical = 6379 ; free virtual = 10314
INFO: [Vivado_Tcl 4-383] Design worst setup slack (WNS) is greater than or equal to 0.000 ns. Skipping all physical synthesis optimizations.
INFO: [Vivado_Tcl 4-232] No setup violation found. The netlist was not modified.
INFO: [Common 17-83] Releasing license: Implementation
70 Infos, 0 Warnings, 0 Critical Warnings and 0 Errors encountered.
phys_opt_design completed successfully
INFO: [Timing 38-480] Writing timing data to binary archive.
Writing XDEF routing.
Writing XDEF routing logical nets.
Writing XDEF routing special nets.
Write XDEF Complete: Time (s): cpu = 00:00:00.4 ; elapsed = 00:00:00.13 . Memory (MB): peak = 2734.930 ; gain = 2.836 ; free physical = 6368 ; free virtual = 10303
INFO: [Common 17-1381] The checkpoint '/home/jbcr/Desktop/IST/MEng/PSD/Projects/Lab2/Lab2.runs/impl_1/circuito_physopt.dcp' has been generated.
Command: route_design
Attempting to get a license for feature 'Implementation' and/or device 'xc7a35t'
INFO: [Common 17-349] Got license for feature 'Implementation' and/or device 'xc7a35t'
Running DRC as a precondition to command route_design
INFO: [DRC 23-27] Running DRC with 8 threads
INFO: [Vivado_Tcl 4-198] DRC finished with 0 Errors
INFO: [Vivado_Tcl 4-199] Please refer to the DRC report (report_drc) for more information.


Starting Routing Task
INFO: [Route 35-254] Multithreading enabled for route_design using a maximum of 8 CPUs

Phase 1 Build RT Design
Checksum: PlaceDB: b7d2d7cb ConstDB: 0 ShapeSum: 1cefce3f RouteDB: 0
Post Restoration Checksum: NetGraph: 46937a5b | NumContArr: 706f0760 | Constraints: 190a55ad | Timing: 0
Phase 1 Build RT Design | Checksum: d00cd768

Time (s): cpu = 00:00:51 ; elapsed = 00:00:45 . Memory (MB): peak = 2833.613 ; gain = 50.957 ; free physical = 6316 ; free virtual = 10232

Phase 2 Router Initialization

Phase 2.1 Fix Topology Constraints
Phase 2.1 Fix Topology Constraints | Checksum: d00cd768

Time (s): cpu = 00:00:51 ; elapsed = 00:00:45 . Memory (MB): peak = 2833.613 ; gain = 50.957 ; free physical = 6316 ; free virtual = 10232

Phase 2.2 Pre Route Cleanup
Phase 2.2 Pre Route Cleanup | Checksum: d00cd768

Time (s): cpu = 00:00:51 ; elapsed = 00:00:45 . Memory (MB): peak = 2833.613 ; gain = 50.957 ; free physical = 6316 ; free virtual = 10232
 Number of Nodes with overlaps = 0

Phase 2.3 Update Timing
Phase 2.3 Update Timing | Checksum: 14fb38a79

Time (s): cpu = 00:00:53 ; elapsed = 00:00:46 . Memory (MB): peak = 2844.613 ; gain = 61.957 ; free physical = 6304 ; free virtual = 10220
INFO: [Route 35-416] Intermediate Timing Summary | WNS=2.192  | TNS=0.000  | WHS=-0.075 | THS=-0.547 |


Router Utilization Summary
  Global Vertical Routing Utilization    = 0 %
  Global Horizontal Routing Utilization  = 0 %
  Routable Net Status*
  *Does not include unroutable nets such as driverless and loadless.
  Run report_route_status for detailed report.
  Number of Failed Nets               = 454
    (Failed Nets is the sum of unrouted and partially routed nets)
  Number of Unrouted Nets             = 454
  Number of Partially Routed Nets     = 0
  Number of Node Overlaps             = 0

Phase 2 Router Initialization | Checksum: 20d155846

Time (s): cpu = 00:00:54 ; elapsed = 00:00:46 . Memory (MB): peak = 2845.613 ; gain = 62.957 ; free physical = 6303 ; free virtual = 10219

Phase 3 Initial Routing

Phase 3.1 Global Routing
Phase 3.1 Global Routing | Checksum: 20d155846

Time (s): cpu = 00:00:54 ; elapsed = 00:00:46 . Memory (MB): peak = 2845.613 ; gain = 62.957 ; free physical = 6303 ; free virtual = 10219
Phase 3 Initial Routing | Checksum: 18a6d4f5b

Time (s): cpu = 00:00:55 ; elapsed = 00:00:47 . Memory (MB): peak = 2845.613 ; gain = 62.957 ; free physical = 6303 ; free virtual = 10219

Phase 4 Rip-up And Reroute

Phase 4.1 Global Iteration 0
 Number of Nodes with overlaps = 131
 Number of Nodes with overlaps = 29
 Number of Nodes with overlaps = 3
 Number of Nodes with overlaps = 1
 Number of Nodes with overlaps = 0
INFO: [Route 35-416] Intermediate Timing Summary | WNS=1.825  | TNS=0.000  | WHS=N/A    | THS=N/A    |

Phase 4.1 Global Iteration 0 | Checksum: 1a3ebb7cf

Time (s): cpu = 00:00:57 ; elapsed = 00:00:48 . Memory (MB): peak = 2845.613 ; gain = 62.957 ; free physical = 6300 ; free virtual = 10216
Phase 4 Rip-up And Reroute | Checksum: 1a3ebb7cf

Time (s): cpu = 00:00:57 ; elapsed = 00:00:48 . Memory (MB): peak = 2845.613 ; gain = 62.957 ; free physical = 6300 ; free virtual = 10216

Phase 5 Delay and Skew Optimization

Phase 5.1 Delay CleanUp
Phase 5.1 Delay CleanUp | Checksum: 1a3ebb7cf

Time (s): cpu = 00:00:57 ; elapsed = 00:00:48 . Memory (MB): peak = 2845.613 ; gain = 62.957 ; free physical = 6300 ; free virtual = 10216

Phase 5.2 Clock Skew Optimization
Phase 5.2 Clock Skew Optimization | Checksum: 1a3ebb7cf

Time (s): cpu = 00:00:57 ; elapsed = 00:00:48 . Memory (MB): peak = 2845.613 ; gain = 62.957 ; free physical = 6300 ; free virtual = 10216
Phase 5 Delay and Skew Optimization | Checksum: 1a3ebb7cf

Time (s): cpu = 00:00:57 ; elapsed = 00:00:48 . Memory (MB): peak = 2845.613 ; gain = 62.957 ; free physical = 6300 ; free virtual = 10216

Phase 6 Post Hold Fix

Phase 6.1 Hold Fix Iter

Phase 6.1.1 Update Timing
Phase 6.1.1 Update Timing | Checksum: 2226ef1f5

Time (s): cpu = 00:00:58 ; elapsed = 00:00:48 . Memory (MB): peak = 2845.613 ; gain = 62.957 ; free physical = 6300 ; free virtual = 10216
INFO: [Route 35-416] Intermediate Timing Summary | WNS=1.913  | TNS=0.000  | WHS=0.187  | THS=0.000  |

Phase 6.1 Hold Fix Iter | Checksum: 2226ef1f5

Time (s): cpu = 00:00:58 ; elapsed = 00:00:48 . Memory (MB): peak = 2845.613 ; gain = 62.957 ; free physical = 6300 ; free virtual = 10216
Phase 6 Post Hold Fix | Checksum: 2226ef1f5

Time (s): cpu = 00:00:58 ; elapsed = 00:00:48 . Memory (MB): peak = 2845.613 ; gain = 62.957 ; free physical = 6300 ; free virtual = 10216

Phase 7 Route finalize

Router Utilization Summary
  Global Vertical Routing Utilization    = 0.786335 %
  Global Horizontal Routing Utilization  = 0.356976 %
  Routable Net Status*
  *Does not include unroutable nets such as driverless and loadless.
  Run report_route_status for detailed report.
  Number of Failed Nets               = 0
    (Failed Nets is the sum of unrouted and partially routed nets)
  Number of Unrouted Nets             = 0
  Number of Partially Routed Nets     = 0
  Number of Node Overlaps             = 0

Phase 7 Route finalize | Checksum: 28426cfc3

Time (s): cpu = 00:00:58 ; elapsed = 00:00:48 . Memory (MB): peak = 2845.613 ; gain = 62.957 ; free physical = 6300 ; free virtual = 10216

Phase 8 Verifying routed nets

 Verification completed successfully
Phase 8 Verifying routed nets | Checksum: 28426cfc3

Time (s): cpu = 00:00:58 ; elapsed = 00:00:48 . Memory (MB): peak = 2845.613 ; gain = 62.957 ; free physical = 6300 ; free virtual = 10216

Phase 9 Depositing Routes
Phase 9 Depositing Routes | Checksum: 26790aaaf

Time (s): cpu = 00:00:58 ; elapsed = 00:00:48 . Memory (MB): peak = 2845.613 ; gain = 62.957 ; free physical = 6300 ; free virtual = 10216

Phase 10 Post Router Timing
INFO: [Route 35-57] Estimated Timing Summary | WNS=1.913  | TNS=0.000  | WHS=0.187  | THS=0.000  |

INFO: [Route 35-327] The final timing numbers are based on the router estimated timing analysis. For a complete and accurate timing signoff, please run report_timing_summary.
Phase 10 Post Router Timing | Checksum: 26790aaaf

Time (s): cpu = 00:00:58 ; elapsed = 00:00:49 . Memory (MB): peak = 2845.613 ; gain = 62.957 ; free physical = 6300 ; free virtual = 10216
INFO: [Route 35-16] Router Completed Successfully

Phase 11 Post-Route Event Processing
Phase 11 Post-Route Event Processing | Checksum: 1188f084d

Time (s): cpu = 00:00:58 ; elapsed = 00:00:49 . Memory (MB): peak = 2845.613 ; gain = 62.957 ; free physical = 6300 ; free virtual = 10216

Time (s): cpu = 00:00:58 ; elapsed = 00:00:49 . Memory (MB): peak = 2845.613 ; gain = 62.957 ; free physical = 6300 ; free virtual = 10216

Routing Is Done.
INFO: [Common 17-83] Releasing license: Implementation
84 Infos, 0 Warnings, 0 Critical Warnings and 0 Errors encountered.
route_design completed successfully
route_design: Time (s): cpu = 00:01:02 ; elapsed = 00:00:50 . Memory (MB): peak = 2845.613 ; gain = 110.684 ; free physical = 6300 ; free virtual = 10216
INFO: [runtcl-4] Executing : report_drc -file circuito_drc_routed.rpt -pb circuito_drc_routed.pb -rpx circuito_drc_routed.rpx
Command: report_drc -file circuito_drc_routed.rpt -pb circuito_drc_routed.pb -rpx circuito_drc_routed.rpx
INFO: [IP_Flow 19-1839] IP Catalog is up to date.
INFO: [DRC 23-27] Running DRC with 8 threads
INFO: [Vivado_Tcl 2-168] The results of DRC are in file /home/jbcr/Desktop/IST/MEng/PSD/Projects/Lab2/Lab2.runs/impl_1/circuito_drc_routed.rpt.
report_drc completed successfully
INFO: [runtcl-4] Executing : report_methodology -file circuito_methodology_drc_routed.rpt -pb circuito_methodology_drc_routed.pb -rpx circuito_methodology_drc_routed.rpx
Command: report_methodology -file circuito_methodology_drc_routed.rpt -pb circuito_methodology_drc_routed.pb -rpx circuito_methodology_drc_routed.rpx
INFO: [Timing 38-35] Done setting XDC timing constraints.
INFO: [DRC 23-133] Running Methodology with 8 threads
INFO: [Vivado_Tcl 2-1520] The results of Report Methodology are in file /home/jbcr/Desktop/IST/MEng/PSD/Projects/Lab2/Lab2.runs/impl_1/circuito_methodology_drc_routed.rpt.
report_methodology completed successfully
INFO: [runtcl-4] Executing : report_power -file circuito_power_routed.rpt -pb circuito_power_summary_routed.pb -rpx circuito_power_routed.rpx
Command: report_power -file circuito_power_routed.rpt -pb circuito_power_summary_routed.pb -rpx circuito_power_routed.rpx
INFO: [Timing 38-35] Done setting XDC timing constraints.
Running Vector-less Activity Propagation...

Finished Running Vector-less Activity Propagation
94 Infos, 0 Warnings, 0 Critical Warnings and 0 Errors encountered.
report_power completed successfully
INFO: [runtcl-4] Executing : report_route_status -file circuito_route_status.rpt -pb circuito_route_status.pb
INFO: [runtcl-4] Executing : report_timing_summary -max_paths 10 -report_unconstrained -file circuito_timing_summary_routed.rpt -pb circuito_timing_summary_routed.pb -rpx circuito_timing_summary_routed.rpx -warn_on_violation 
INFO: [Timing 38-91] UpdateTimingParams: Speed grade: -1, Delay Type: min_max.
INFO: [Timing 38-191] Multithreading enabled for timing update using a maximum of 8 CPUs
INFO: [runtcl-4] Executing : report_incremental_reuse -file circuito_incremental_reuse_routed.rpt
INFO: [Vivado_Tcl 4-1062] Incremental flow is disabled. No incremental reuse Info to report.
INFO: [runtcl-4] Executing : report_clock_utilization -file circuito_clock_utilization_routed.rpt
INFO: [runtcl-4] Executing : report_bus_skew -warn_on_violation -file circuito_bus_skew_routed.rpt -pb circuito_bus_skew_routed.pb -rpx circuito_bus_skew_routed.rpx
INFO: [Timing 38-91] UpdateTimingParams: Speed grade: -1, Delay Type: min_max.
INFO: [Timing 38-191] Multithreading enabled for timing update using a maximum of 8 CPUs
INFO: [Timing 38-480] Writing timing data to binary archive.
Writing XDEF routing.
Writing XDEF routing logical nets.
Writing XDEF routing special nets.
Write XDEF Complete: Time (s): cpu = 00:00:00.46 ; elapsed = 00:00:00.15 . Memory (MB): peak = 2962.406 ; gain = 0.000 ; free physical = 6261 ; free virtual = 10179
INFO: [Common 17-1381] The checkpoint '/home/jbcr/Desktop/IST/MEng/PSD/Projects/Lab2/Lab2.runs/impl_1/circuito_routed.dcp' has been generated.
INFO: [Common 17-206] Exiting Vivado at Mon Oct  9 18:30:25 2023...
